uKl/xPD5/4lNQJfpeHo1S1zid3v32eYcazq096dnGFDBg1Xl7aBhiHlvdtqxSkJ+sdrZnGx7sK7T7ipJ5VS3BjzkO+s0uhlVr2qb3FNQe2MmR2gJaaMp
68ACQb12+/JQcaG/mdihHATwdFqI439ROyx+D/BNvj01CshMVxR4SPLk0JSTkGSG1zzhemL6JezRF+0JAy1TLMSvjMY2XNI6ERlMADXd2ig6z3CNt5k29/2K9YQ1ERJaf/GNnMBT4V3h4O3wDT/i8ozqnpZFKg2EoPv8toeeXiG59IsuqDTPE7h6Fe0bOo+0LzAny5J3vJGlo+U=
hN+zxAcT6Dov+vXz04RONSPsKZAV6sFUv4EoKqyNtQ5sU0rY04WOAWpj7ZVlIOk4gc8eAmkKeo6ZusGMZHu4vssOAjndlO9W1ERDW7w6kaUXCjMMCxCDU05ncBlhoyE=
VLH8lryLiJfAAHVUsweXjmLNw/tPWLqwwF92CWuKiv1VyjIoMoTxGFyNhJJo/WO99dc4sYqNDuQhirp8TUeS2r/52bJdkIVgLY8AX54Fb6Mv
L+2iDEGpqnia5ZP5dCv0d9/4242Yog+Y1FQMv6lj2N23iAxpRuYQl1yK1HcIqlWRytwPnG7yKgzo1uHdG6knfqM8
+t4jWPWZQ2UMcTTM2cRTWpAnVndW43+fYmhmUrrMWyCS/R/6k3pFUlrSoZzJwlJmeDlDDaFF7kxfkAu1+Hq/8BR8fGcJGwj1t6DcEeY+YL+c4mSvaJKF90o0X6SOqprkqP4RhbtRd1ajFA==
FBiaArp3Q0muPa/V4h5mJzfV4vL36NM2V8nVOpp5U2epHx8aHX/Ntemwg0BOVRSlRuRRb28l1JRBTSVcOzqu3ahyWBdPYmB6teI6BHXSVswx70qa6xHlwnFI0cDZN2yPQm1boxs=
bTrELGNWpoIHi/GTqNZ/TfaEJ1eNrSoBhh6IHc/VDwesVF1eWt65kPkuSkoYFZvhkQm2gJ9cU/lIlmdcdNDki7mXkHk3LESdVtL4E/xOvEPY3t07ivgH6L5GQsjI0glpi11vWqMY
2DHnleEMXrOMDB9O51jTADHe5PvT78cgcdnVP5ldSWWkHx8aHX/Ntemwg0BOVRSlRuRRb28l1JRBTSVcOzqu3ahyWBdPYmB6teI6BHXSVswx70qa6xHlwnFI0cDZN2yPQm1boxs=
UFgM9xUk0B3/aJLHsOarpRd+YCxRRiViWuLBrAkSMvb4qeNdYbXOPF9gK8W4qh9glOycN0kr6MW3kDwhpm6ALxxyxH8o4qUHSkR/VE76OnQobnFVe2EXZqMk
laQpJb7qNohIA0b2hrzifANa5PIeq3ADdE8tZlrmybgZBhoS2M3LiTHhBvgfpOOR6H63BDQINKPZv2BBNxS0tTb6KMu8FmyreLZtwwqAtwAeLhIQCIpZQWt1H2KjIA==
V+vBHppSeW8cIjG/LuqXaXM1mRjFp93noeDaZE02kZyGhEg/f/eJC6qevwaHPwDEy7LEWmB9AfUsh/dWcHt+oPQd7CSYlQCcgeVqYpNuNtQuZjiYTV9zfxNkoyI=
zxbMKycLijq3d0vmPs3JZjHe5PvT78cgcdnVP5ldSWW/Hx8aHX/Ntemwg0BOVRSlRuRRb28l1JRBTSVcOzqu3ahyWBdPYmB6teI6BHXSVswx70qa6xHlwnFI0cDZN2yPQm1boxs=
oguYxHmdww/CcMr4f/XiNSqQgr5PBvfyhwt4H2+KivtkhGg5PImwchiHk4Jk0C21+J48s6qBGOQhirp8TUee2r/52bJdkIVgLY8AX54Fb6Mv
/b9I05Kys6m8XWRxfVNmrgbxyR0ezTGGLIVP3jdbJUq61COoHQBY7SVmjoKF/OEl6lufr33V8xTcuBrKcyaExNFU0aqC0lZZofk9ISJrx7fwLl8gHA3Tk3r3uoHVaLxW/kUvW1XKy181B3Kq5SbFnl+sqSHneyYga8RvFhySEZouUB1Tk8cWkMN3jIHP3LXM1EGoevYTPnqawbEAI6MlgYcp+3rOLq0IX3GsI+jUQhbXsJzYqwijWW40cM4HjrtkQHzirPAH4PzG4vTzERCXCqoQ10O3Qo7pNYFAwiRiryBhQB0bdsGjSTyzVcZZpjcYucPbP7HfZz0yvZeEhbKmjMGPmpo7sdWCwWjhQIkX/E9SjSujaw==
f/CtyVrY1+JgxIv+Y6hJYPsx8iTyklNGvlynFjE4sUhy0JaTonB44MofqWS4RTrQrl7JM/38D9AvZICtNoFC9qQLeFjCYtofeLH9AIeW+dfZmPtJ6JxgUVfkZ6vZwanwipNKl3M8S2jAzFs0GXnS8DQ6skbKisEKQXF0Wgq0XlnQ3mbnBm7jTi2x9KLJZxl6ripALccr+nuJyc4LrwroxgFK3S7fKCqzZGrMni/nGz0GfXqOln/4hnK0TZ86a8YCjLRYSWrRXO0th9jnHN+rZCJIxpNWlIN6mDmdZC+7aoEAALyI9o6Ly0skzb0t3j7MNEi0ICV4X9xlsOmD88xMQHDp8IhZaapm2/JmIFaKWLzl40MriyijZg==
QuLsVIAoNDptIW2ucz1sR0RlFkX4gn9ycmT2CJSqpZGdyYQNVYTgHy/+NSqIDcMk9xgafPjEf2jBmNx9wS7Coon0hRUu4+MvgW23JDiwFuq/7uBUVcyN6l7KUkmFMXFBruNjxzTWYyAg9Rfj3n824ZmgmEb6XfMbCVJPz1HPvorpLiGuGxRVoZvD4hAPzGM2UNr1CqrIwZPP3xKA5z9AYUNUETyQOZR6ymt6ij5JPeDv6wGRgzGnuhK2KZi7OeAD5NwmJhMI4FhXsOdpijx87stG3/TE5L7sLB/k7OIquJOdmDN6bujrQ4u6SpmRCcyiaKqLMGVYwVsqWSfZWHuZ5lWu0yj9eye/zWejDVa1m6TJ+kIcRRdGWmep0ZLlIC2gBZ9Yvxb1F6NX
DnAQGXVIqpkdNbfaYJQNZI09dukKSLoS3Bo0B8j6daXI7C9MLgJKnGhGQW3b+ccOo0w=
Bg1l9eLaF7k1k+RpXfyp/Fqx+kifPJNZyHKlMnTwpCs591BZNwyE/dZyuDP8LnyjWH4dUYgYR0g+JgIoyPLJyQu9L3qjOA==
yNdc1qXJ72Awr8yYpewrmFqx+kifPJNZyHanPHTwpCs591BZNwyE/dZyuDP8LnyjWH4dUYgYR0g+JgIoyPLJyQu9L3qjOA==
ad/tv3DED2RbInkcXIaFLtG70I+EsA6KxURPr7Y22JWNzRY5SvgaglyK1HcIqlWVyNwPnG7yKgzo1uHdG6knfqM8
+BycN9MSpg7KFL58cIyo8kRlFkX4gn9ycmT2CJSqpZGdyYQNVYTgHy/+NSqIDcMk9xgafPjEf2jBmNx9wS7Coon0hRUu4+MvgW23JDiwFuq/7uBUVcyN6l7KUkmFMXFBruNjxzTWYyAg9Rfj3n824ZmgmEb6XfMbCVJPz1HPvorpLiGuGxRVoZvD4hAPzGM2UNr1CqrIwZPP3xKA5z9AYUNUETyQOZR6ymt6ij5JPeDv6wGRgzGnuhK2KZi7OeAD5NwmJhMI4FhXsOdpijx87stG3/TE5L7sLB/k7OIquJOdmDN6bujrQ4u6SpmRCcyiaKqLMGVYwVsqWSfZWHuZ5lWu0yj9eye/zWejDVa1m6TJ+kIcRRdMWGep0ZLlIC2gBZ9Yvxb1F6NX
ePJIH6fEoy4kuXAD/D2feikFhbdm5hhiED4MWyvL4NAOT3mBjHjJ3trEDWZhzSvPnMIkD+gyxR1OVJ8EDgpaxKge0eU7sTd2ozQ=
mAiy+WUXqyyEwH88DCfTL5wFinpShUtEvq4hDSOE/4nRUkElUpK3nMVBh6C58gJnOILtBiBPQPjTQ6t6c0OPXc7Z4sQ9gr5sqX/YHnOBfSLZGBkAkUdEb3odY6Mj
lg5ub0lLHwXd7ijnVmgcT+t/NMAPI4yNkm2Qz+2dheJm+TW80JiFfIRwC7/5FPipOCEFGhdAOx8d3//I3qXIohCVfCbhQpjYEvCEiMLf2Jibk0N6GxNUslJTmoTlcoYM4c8wntvxNQIhKEFAKdfczzJNS6ML
CfkFKN48Z/gdcxqYq5eVvQiDopQaanuHmHFSp8hJf0BQFm3FxvSwP12/1IqFGBqe+RvGa605DEigkRCgabsursvKxkimkpg0tRsjgztwoy4=
LMEzcqH1r9o8N32Gj7lN0A+ewy7QctQXm2e4PG6j4S089FFSWkiV6tFhsyP8LnyjWH4dWo4YR0g+JgIoyPLJyQu9L3qjOA==
jyyCZz3sV8GvY/oYBc+ZtU09y4BfsXEuGi5DFjGezuFAVXmBjHjJ3trEDXVuyTHPnMIkD+gyxRZOVJ8EDgpaxKge0eU7sTd2ozQ=
6OOfxFkXVgCeCFWPjv+cTg6ewy7QctQXm2e4PG6j4S089FFSWkiV6tFhsyP8LnyjWH4dUosYRkg+JgIoyPLJyQu9L3qjOA==
Mq+j6LvvSPgjy4vXT2b2+E09y4BfsXEuGi5DFjGfzuFAVXmBjHjJ3trEDXVuyTHPnMIkD+gyxR5LVJ4EDgpaxKge0eU7sTd2ozQ=
AmocUkLWe846cgsne1td/NJ4EyYSiivTPHl2Ta36SiC+/wXvthtbVVrVoYi0hlxxOX1SBuFD7koL7xio8EjtoSNffDgBCxj7n/LLQeQiaqCc4mSvaJKF/ko0XqSOqprkqP4RhbtRd1ajFA==
u29Fok6fGl/QK/tt2MxR+tJ4EyYSiijTPHl2Ta36SiC+/wXvthtbVVrVoYi0hlxxOX1SBuFD7koL7xio8EjtoCNffDgBCxj7n/LLQeQiaqCc4mSvaJKF+0o0XqSOqprkqP4RhbtRd1ajFA==
bB9Ikc2iqYC6ulzPXrFzTG+XAWyC/gNauTcJGVFZpUQxFzHLhBeJwz0zQl2oD7DBGFqkqpAfLkZa0LiPyLXg3NqSp6W4DocdDMjpeASRl6LAhZmezNhs5Y6w798mysIPHJIEH6hCZexLJD71zhp6FChOsfX7AVdGowQ=
dcf5wiRYb/VzmCIkdLY55NG70I+EsA6KxURPr7Y22NeMyQs5SvgaglyK1HcIqlWVy9wOnW7yKgzo1uHdG6knfqM8
lAEsZYW77F81GSNsQerxDjT2+FW7pmre2fVRTaACL1wk9CtuyLQv0x57daw6uq/0TzCHC7L33NEFo0U=
2u7a1FEQTKQ5xI+LO8IkDoYgOMJxdxrhIlhu8h+NTGCwiXBoGUOrRpoT5kCWqlicJYPDy8sIo0Y=
drgR0veKXDR0j56+uanSNA2ewy7QctQXm2e4PG6j4S089FFSWkiV6tFhsyP8LnyjWH4dVYsYRkk+JgIoyPLJyQu9L3qjOA==
1AXi2sHd1e7jVV+n93vjeE09y4BfsXEuGi5DFjGczuFAVXmBjHjJ3trEDXVuyTHPnMIkD+gyxRlLVJ4FDgpaxKge0eU7sTd2ozQ=
fNi2fF4pO0y3IoYupmJcWQyewy7QctQXm2e4PG6j4S089FFSWkiV6tFhsyP8LnyjWH4dUooYRkk+JgIoyPLJyQu9L3qjOA==
2DOYRBv0ef849eGlwylTC009y4BfsXEuGi5DFjGdzuFAVXmBjHjJ3trEDXVuyTHPnMIkD+gyxR5KVJ4FDgpaxKge0eU7sTd2ozQ=
a85Hot9lvcQ8hKYK1E2LpdJ4EyYSiinTPHl2Ta36SiC+/wXvthtbVVrVoYi0hlxxOX1SBuFD7koL7xio8EjtoyNffDgBCxj7n/LLQeQiaqCc4mSvaJKF+0k0XqWOqprkqP4RhbtRd1ajFA==
dmBpRujFzWEvKpBgi3++4dJ4EyYSii7TPHl2Ta36SiC+/wXvthtbVVrVoYi0hlxxOX1SBuFD7koL7xio8EjtoiNffDgBCxj7n/LLQeQiaqCc4mSvaJKF/kg0XqWOqprkqP4RhbtRd1ajFA==
jVWuZFKbJVuYpp9SuneuzSkfg7d6/hliED4MWyvL4NAOT3mBjHjJ3trEDWZhzSvPnMIkD+gyxR5PVJAFDgpaxKge0eU7sTd2ozQ=
mgwCFA0eBOIzcUsufX0ckkR1gNAieg7OHl66783Al+lYYG7Iqu8QOOMju3pjo6wSGmNyRI3iTiz5n+sfg64s4mm46YABpxQvij1zozM=
RLLKJ8lH39MAVKeCIy9onL2z5pxai8dtFnQv2kR/hEMCGeQ8mKJ7iXFEAb60m9ZPXCEgNBsWJ/WH1cMmk3c+Fljl62mF8v93WEZZOdQ9X6i/70zA9hYMaOAxkAApni+OhGtG6OaymBT1u6Mje1CjDg==
tpohOznrtOZiHuCDD21/7FSmdOxHYiD2vidD1J6Mc+C7LFl3zja/ZLHqSjydZ6TYzx6Pcu0wFeDd79AfriV/oz8=
pS8T+ZbG11nHbV+upVRUyhkg1ohvMgffWlSluprblPNCbBzL4u8HJPoU/2A3tL0HCn5jRI3iTiz5n+gfg6Yr4mm46YABpxQvij1zozM=
SQ5XXML5yo8bn+RaKJS9Jgm2iFZhDsa+uHNEDtsXUvrc+7t612iyKgglqf5wSc6CwIgqTJux/ObcOnSnSFo1gsvM6+quooq8aCaBDVuZB26jLA==
wkeetZQGhSt8Bz0t/HsTgTSJna8VHPzyzgc4Wy3AjeYsjS8rN4jzYA6Hk5Ru7GPgq8wpt56WD+Qhirp8TUeV2b/937JdkIVgLY8AX54Fb6Mv
AG3CxG0ZrayIUw+h38bbNW0EnqYvsmIkFmdLEnfA4tJIHXmWkGH+msCQGmR72SzenMIkD+gyxRZOVJoCDgpaxKge0eU7sTd2ozQ=
qWTd8O9Yv/Dwmy6GsVDcf2kOjqcv4SJiXGNLEnfA4tJIHXmWkGH+msCQGmR72SzenMIkD+gyxRdLVJ0CDgpaxKge0eU7sTd2ozQ=
1fAUNXolSou7ojfn7JO53vmDFTUf1pK0MgFQ0an4bmuyyA9sbEXjW+swl4CqH28E4mTnYC9EpSfiDquExTLmjAEPVJ77M5OCgeihQEmXPE+SDWujKw==
Yrfy60qAfIOepUfefUHzfUVqIWac23mCmkmO79le+EzfDXLi8Yq3g8zA0aqrUQx6OjQazJeaG7R3wRQ9mbVYSy5wFGNR/NwY2aCROBvfXHKVdPtO2HS/c+t4RUKter+Un7D364K3LHFVoxU=
xaRnujM+MN8qeM+GoK4aeL2I+uTj9tZhAT3D+b5tbAvShv7Mftqxl8sgyWepG3g/jZCoe4JEAML+8vNTQHBMgPAp8MjZI64mXLVm4NZKWHxlI0NrC2ijJg==
MQICYEUA09t6EG6icVL2+tPSxrPDZnjp7ItjtmL4rZ3AFmsCzQdOQFMu0dmWjoikaHgNcqHQFWH22SPdAv/coKYXCzQm3Jvg0/zhFwYGp6QJeoIchZcLWScrlpKloO2gxR+Yv1Z1V6MX
kvMOtloymP0Yq+VtQKuYXL2I+uTj9tZhAT3D+b5tbAvShv7Mftqxl8sgyWepG3g/jZCoe4JEAML+8vNTQHBMgPAp8MjZKa8mWbVm4NZKWHxlI0NrC2ijJg==
EDKXTyFx0qvItdJ6+8ppSr2rs5WHEeOyifp3VqJGD0BW2/WTqytiKzzh9vjGznLMkU2fbgHV1b2ItQkOMBkussC4yhzbQVx2XKoUF4gKFX/KvMw77hJqLOi2IX2bSWdeoxw=
IF503moLR8PSNKnzlSx0L9H2HU0f/z/vV8AZbOvMKsiLwtZdeRkztfa5jJdKAm6g1i5x6/PE+WuhD1hjVVT412rwgH4GVoOfiCQsnOgt4CTxVOja4NHWbF7e+KA9Z5NHY1yjGg==
7E/0wci9z/yQe/SwZ88RLQfNGkEq86QtedGjrZHuC8mDlpq3XG9uPPD0qLzPOvME/0GczTHVAPvWsEwzaRz0CNGgmSgzv2SiTTSD/gCUFwNt+M3+xNpnZCfwrzt6l0RhXaMd
ZA8qQ3defdUIazTDd1bg2HMe0b5aCk5ohobxQ6MM2WOxJxjLxdxYHzrYgFZWniMXGIxstPglwOyh/W9ysxn2ZE72uAit7zOPM3SjMg==
baAJAURv2/XfUL35C2PrxpxP2TNQhWEWtak8PCKV952FREsAFJK3n8R4h+zktUs7M4DvQHJPV+TKdO9gJ1SNR9re88Q9gr5sqX/eGHOAeiLZGBkAkUdEb3odY6Mj
6gl7LjpT3BOeH8IorrZ8vCd420OS4om7vbaIN1cm2oqDg0hravCHXOaW9hGHOA/e1rCYWyVsGO8ayIBGdm5jp/gc7CSYlQCcge9pYp1pNtQuZjiYTV9zfxNkoyI=
NsQsZLQ0+3PWBFCCuY0VwHA7m45r0QZ8ETExMAi106hSEB8V2Jnejj+2SvBWs+OW52SqBmgJcbLApVYOQASyoCv9JMq8FmyreLZtwgiAuQceLhIQCIpZQWt1H2KjIA==
LV9wILQJOOHIaHlsrDFTzdJmFysAiC/JPiMmFu2/E3rLpU64wRVZBAiBu4yC1FdheG1WCq8SokQWhwuy92Ci8kh9OXYQAT66wLDaBPs5bL6c4mSvaJKF+kk0UKOOqprkqP4RhbtRd1ajFA==
wLWP7y+uofyJp9SP9HEMim+XAWyC/gNauTcJGVFZpUQxFzHLhBeJwz0zQl2oD7DBGFqkqpAfLkZa0LiPyLXg3NqSp6W4DocdDMjpeASRl6LAhZmezNhs5Y6w798mysIPHJIEH6hCZepPJDv2zhN5FChOsfX7AVdGowQ=
Q4N3tYG94DI3Zo2d9yYaIzT2+FW7pmre2fVRTaACL1wk9CtuyLQv0xl/dak5uqb3TzCHC7L33NEFo0U=
OfCp3YoSiMi2lgJf5Wu/IoYgOMJxdxrhIlhu8h+NTGCwiXBoGUSvRp8Q5kmVqlicJYPDy8sIo0Y=
WCtGu/srQoECVR8mnynSx9G70I+EsA6KxURPr7Y22NeMyQs5SvgaglyK1HcIqlWSz9wLnm77KQzo1uHdG6knfqM8
HivUr4/S3s23du0VsnSI9Skfg7V99BhiED4MWyvL4NAOT3mBjHjJ3trEDWZhzSvPnMIkD+gyxRlIVJwGDgNZxKge0eU7sTd2ozQ=
P7F3LmrQE0I7vMbD9WmA1W3JlUViWNG4ijUMB8odVLff4q52x3S4GgBtqelsUPnG2tw9XY6h4ffcOnSnSFo1gcjM7O6uq4m8aCaBDVuZB26jLA==
fuAqkBjkEc2+gZIonRgZkGVrdG5W2sKmYWgu6tmeKn9Pf5ZozXNHR1vX2MzuE0Fd/KRxQlpYtboREROTfN4cE5gu/UeOCCSafp/hWEhCaTlLbQ9qoyg=
Ov5rziEN1UnXXnCA66EgcCgFhbdm5hhiED4MWyvL4NAOT3mBjHjJ3trEDWZhzSvPnMIkD+gyxR9KVJ8GDgNZxKge0eU7sTd2ozQ=
/4cQQLVjx+z8pGOHdc2I+m3NjAUqHpXk6zUMB8odVLff47RwxW+qGgBtqelsUPnG2tw9XY6h4ffcOnSnSFo1h8rM7+6uq4m8aCaBDVuZB26jLA==
ihNwIHIGq7b3C+l5VSblGqtGnZPKl7pngn48dnMr20hSiLcwEqsT1MQXY4uyfPHpxsmM37axLlVyVEhPPRXkKAVIrKELF/YFcH391vfNzk6A/8vZRuAvBMO0M55w1MfjU/i93REa3sdXcD/bqtc0QU2jDQ==
YRHq5tSUyNfl8rWcXi20Er2z5pxai8NtFnQv2kR/hEMCGeQ8mKJ7k3dEHaa1m9ZPXCMgNBsWJ/WH1cMmk3c+Fljk8W+F7ud2WEZZOdQ9X6i/70zA9hYMaOAxkAApni+OimhG4eWymBT1u6Mje1CjDg==
iHtqaLEOawy9tvcqGV6Fum0EnqYvsmIkFmdLEnfA4tJIHXmWkGH+msCQGmR72SzenMIkD+gyxRxOVJEGDgNZxKge0eU7sTd2ozQ=
iGoqg4S8XOiWHQxbVzhRJpxP2TNQhWEWtak8PCKV952FREsAFJK3n8R4h+zktUs7M4DvQHJPV+TKdO9gJ1SNR9re88Q9gr5sqX/SG3OOfyLQGxkAkUdEb3odY6Mj
gIP18oTb1+XgjqCmXJOrnTSJna8VHPzyzgc4Wy3AjeYsjS8rN4jzYA6Hk5Ru7GPgq8wpt56WD+Qhirp8TUef2r/227JUk4VgLY8AX54Fb6Mv
FfSVH5gghBNEf4K3gyVX2m0EnqYvsmIkFmdLEnfA4tJIHXmWkGH+msCQGmR72SzenMIkD+gyxRxOVJAGDgNZxKge0eU7sTd2ozQ=
Dm/iAJoKcd/q4CBIB/HFPp1P2TNQhWEWtak8PCKV952FREsAFJK3n8R4h+zktUs7M4DvQHJPV+TKdO9gJ1SNR9re88Q9gr5sqX/eHnOOfyLQGxkAkUdEb3odY6Mj
M4eb0ixQNwK/7nIg/9OzBTSJna8VHPzyzgc4Wy3AjeYsjS8rN4jzYA6Hk5Ru7GPgq8wpt56WD+Qhirp8TUeX27//2rJUk4VgLY8AX54Fb6Mv
wdoijo+XbH3qPt+jRiPVgwa5y0RiXMe5uDVGAo9aEryW/7t612iyKgglqf5wSc6CwIgqTJux/ObcOnSnSFo1h87M6e+uq4m8aCaBDVuZB26jLA==
spaiP+2hi2Pnrwl5NioC17yrs5WPCeepieN3WOgNQxsBiauUoixnKTilprLPijLMlg+bKhfY0rqItQkOMBkussC4yhzbQVx2XKoUF4gKFXTLvMs/7htpLOi2IX2bSWdeoxw=
Lvo+sASjla2HbzZZXi5Q6VSmdOxHYiD2vidD1J6Mc+C7LFl3zja/ZLHqSjydZ6fazxiJcuQzFeDd79AfriV/oz8=
PjN4pyYokXb7O6zvJ6OG8Rkg1ohvMgffWlSluprblPNCbBzL4u8HJPoU/2A3tL0HCn5jRI3iTiz5n+8Zg6At4mC76YABpxQvij1zozM=
wWzZk7l03bRj6rE8LdIP8PmDFTUf1pK0MgFQ0an4bmuyyA9sbEXjW+swl4CqH28E4mTnYC9EpSfiDquExTLmjAEPUpn7P5WCiOuhQEmXPE+SDWujKw==
5CVvYl/QzcnVX+bz4nfZQSgfg7V99BhiED4MWyvL4NAOT3mBjHjJ3trEDWZhzSvPnMIkD+gyxRZJVJkFDgNZxKge0eU7sTd2ozQ=
tH8XBBXeatmNVL6tsGiMoW3JlUViWNG4ijUMB8odVLff4652x3S4GgBtqelsUPnG2tw9XY6h4ffcOnSnSFo1jsnM6e2uq4m8aCaBDVuZB26jLA==
hgfI95XD/qRxNkKOyOKF3pW3nAgdNZmYtTEziJzi1mj/XYbdzN9WXkN2rtPOQD0f5bo9H2FlwMXstBNe0FRnI3b43Rvymr6Ht3BfmwpXlAFtoy0=
dWAhvvMw9MvWZmqjgQH3Lb2z5pxai8FtFnQv2kR/hEMCGeQ8mKJ6iXFEAb60m9ZPXCF7YQEBLO+W+MMQhkJ/AzaR62mH9fV2WEZZOdQ9X6i/70zA9hYMaOAxkAApmS6OjWtG4eWymBT1u6Mje1CjDg==
wKUdT22B5L5Ayg0Rq6DAYks1JnABJTMtS/TevUIFfub3uaYQZqbCNBE1L4ahvQVlyO3ZJlAx3orAgDo0u2mMLhxyxH8o4qUKS0R8VU7zOXQobnFVe2EXZqMk
o/20VTnPZs6shSxi6XqDLm+XAWyC/gNauTcJGVFZpUQxFzHLhBeJwz0zQl2oD7DBGFqkqpAfLkZa0LiPyLXg3NqSp6W4DocdDMjpeASRl6LAhZmezNhs5Y6w798mysIPHJIEH6hCZe1LJDnyzhN5FChOsfX7AVdGowQ=
aPTUqiKe8eZtLPXMeEta4DT2+FW7pmre2fVRTaACL1wk9CtuyLQv0xl7das9uqb3TzCHC7L33NEFo0U=
+YrvNatKdY6MyIYbiiLePoYgOMJxdxrhIlhu8h+NTGCwiXBoGUSrRp0U5kmVqlicJYPDy8sIo0Y=
f0uaqth2EgLsRM+OfYZIQ9G70I+EsA6KxURPr7Y22NeMyQs5SvgaglyK1HcIqlWSy9wJmm77KQzo1uHdG6knfqM8
55PVUuDCqllFANJO+vzE5m+XAWyC/gNauTcJGVFZpUQxFzHLhBeJwz0zQl2oD7DBGFqkqpAfLkZa0LiPyLXg3NqSp6W4DocdDMjpeASRl6LAhZmezNhs5Y6w798mysIPHJIEH6hCZehLJDnyzhN5FChOsfX7AVdGowQ=
pdzpPFFWkWG0HWH3e0uanTT2+FW7pmre2fVRTaACL1wk9CtuyLQv0xt7das9uqb3TzCHC7L33NEFo0U=
ERRF0HZ5NOsRdC9jVF4nyYYgOMJxdxrhIlhu8h+NTGCwiXBoGUarRp0U5kmVqlicJYPDy8sIo0Y=
TiCUtTnOFV6Go1DlA6PxddG70I+EsA6KxURPr7Y22NeMyQs5SvgaglyK1HcIqlWQy9wJmm77KQzo1uHdG6knfqM8
mV0XLsDgVhYtAQiGK5TWFPsx8iTyklNHvlynFjE4sUhy0JaTonB44MofqWS4RTrQrl7JM/38D9AvZICtNoFC9qQLeFjCYtofeLH9AIeW+dfZmPtJ6JxgUVfkZ6vZwanwipNKl3M8S2jAzFs0GXnS8DQ6skbKisEKQXF0Wgq0XlnQ3mbnBm7jTi2x9KLJZxl6ripALccr+nuJyc4LrwroxgFK3S7fKCqzZGrMni/nGz0GfXqOln/4hnK0TZ86a8YCjLRYSWrRXO0th9jnHN+rZCJIxpNWlIN6mDmdZC+7aoEAALyI9o6Ly0skzb0t3j7MNEi0ICV4X9xlsOmD88xMQHDp8IhZZ6tm3fRmKVWKWLzl40MriyijZg==
eYeNnvQ2qlsssT/LoZW/jek5jQsJlnUOw4ySGLOTGSLiNU/OYXBxsMK4Ngsy+PhYOrfJPGiNeqietukr7fQP6F9MYHVmyYIOFGPYwFLqWqeIGZ1YV165r+lw21H4lGBpJ8yHc4mJaQg6++oP47TL0DBkO2zJsZKIBNKSXtqCwTIxWZSCWvyeoWC2xn+W5mP23RmU+hmvWQKewmA11yP6Q/nhLtP/Qig+sSJ9tk+gqguUwqzG/y9bRTaVWpaGd/i+ApytR2ojBvo83PjR+lncVd0vuL/MF+scEqDmi0acg0LoEX28f/OqebBoHBBmBgtzu4yt5f0WfrQEoJQ4NXBf5BWYCVujhIy4wIFQEMnvK94tXAZxhUIYxNULYzObIKNe
j/K0KzEyExtKPicUzzMT5lqx+kifPJNZyHKlMnTwpCs591BZNwyE/dZyuDP8LnyjWH4dU4oYQU4+LwEoyPLJyQu9L3qjOA==
HRFz0VGyEP3ZyJ4EV2ctPtwQhTciQTjkAUoa/O2HtdrfP78yNFPlYE1PYN/+xQ+jTw==
+gCCJYceoZsryQJ18eaILTT2+FW7pmre2fVRTaACL1wk9CtuyLQv0x96das9uqb3TzCHC7L33NEFo0U=
fdiB54sFRuQYhO7CkKObToYgOMJxdxrhIlhu8h+NTGCwiXBoGUKqRp0U5kmVqlicJYPDy8sIo0Y=
jouNgMlCK3RnJsK+zkJbEzHe5PvT78cgcdnVP5ldSWW/Hx8aHX/Ntemwg0BOVRSlRuRRb28l1JRFTytcOzqu3ahyWBdPYmB6teI6BHXSVswx70Ga6xfjwnhL0cDZN2yPQm1boxs=
0WH8XUU6F6Rc75eEWieCG3M1mRjFp93noeDaZE02kZyGhEg/f/eJC6qevwaHPwDAybzEWmB9AfUsh/dWcHt+oPQd7CSYlQCcge5qYpVoNt0tZjiYTV9zfxNkoyI=
wbPnTDYT8eCuy3Jrt9ZDKANa5PIeq3ADdE8tZlrmybgZBhoS2M3LiTHhBvgfpOOR6Hq1CjQINKPZv2BBNxS0tTb6KMu8FmyreLZtyAqAsQYeJxEQCIpZQWt1H2KjIA==
QRcI3IsUFuitTMoPgVFf7Bd+YCxRRiViWuLBrAkSMvb4qeNdYbXOPF9gK8W4rh1ulOycN0kr6MW3kDwhpm6ALxxyxH8o4qUMSkR5Uk7zOXQobnFVe2EXZqMk
pSk35YMAYc3t6b9nk3ud/THe5PvT78cgcdnVP5ldSWWkHx8aHX/Ntemwg0BOVRSlRuRRb28l1JRFTytcOzqu3ahyWBdPYmB6teI6BHXSVswx70Ga6xfjwnhL0cDZN2yPQm1boxs=
Th9+XOhAu8GFDOita7WIe/aEJ1eNrSoBhh6IHc/VDwesVF1eWt65kPkuSkoYFZvhkQm2gJ9cU/lIkmVSdNDki7mXkHk3LESdVtL4E/xOvEPY3t0wivgB7r5PQcjI0glpi11vWqMY
rq9WSNrgv2xzPUwNOLj26jfV4vL36NM2V8nVOpp5U2epHx8aHX/Ntemwg0BOVRSlRuRRb28l1JRFTytcOzqu3ahyWBdPYmB6teI6BHXSVswx70Ga6xfjwnhL0cDZN2yPQm1boxs=
U2+WBEq5PaiNZc3tR9VzEpAnVndW43+fYmhmUrrMWyCS/R/6k3pFUlrSoZzJwlJmeDlDDaFF7kxfkAu1+H69/hR8fGcJGwj1t6DcEeY+YL+c4mSvaJKF/Eo0WaKOo5nkqP4RhbtRd1ajFA==
WsdvBW/DwBMwl3ms+gzb6u3Gqw31jDM+uon+BXMQWs7wtWUvJQdpky/bDlCkP+wtk6yVAxsnDAn68zVKXpu4hRL0S65oNI+T/3pVa106xjdvMGdLUnd8EWWjJQ==
lVbckKNmJzNAnYxswdv4zci/MAxwmZ2oNBJexavzaz+nzwE7IEyqB+Ixndy7H3Uf4lW0M3sWsCPWGbyExTLmjAEPUZr7N5OCiOuhQEmXPE+SDWujKw==
