+VzNpEMRRMfisxVGyrVLpVzid3v32eYcazq096dnGFDBg1Xl7aBhiHlvdtqxSkJ+sdrZnGx7sK7T7ipJ5VS3BjzkO+s1uxlSrGqQ31NRe2MmR2gJY6k+
rTN8n2SdvjTSoDgd5VTxCQTwdFqI439ROyx+D/BNvj01CshMVxR4SPLk0JSTkGSG1zzhemL6JezRF+0JAy1TLMSvjMY2XNI6ERlMADXd2ig6z3CNt5k29/2K9YQ1ERJaf/GNnMBT4V3h4O3wDT/i8ozqnpZFKg2EoPv8toeeXiG59IsuqDTPE7l7FeoYOoS3LzEny5J3vJGvqfI=
2HpWmFq8bgE+LtM61PK9hiPsKZAV6sFUv4EoKqyNtQ5sU0rY04WOAWpj7ZVlIOk4gc8eAmkKeo6ZusGMZHu4vssOAjndlO9W1ERDW707kaIUCjgPCxGDU05ncBlrqTY=
9mTlpJwqsjSDqOnB+MVofmLNw/tPWLqwwF92CWuKiv1VyjIoMoTxGFyNhJJo/WO99dc4sYqNDuQhirp8TUeT27/+2rJWk4VhLY8AX54FZak4
nLsDrmv0di+fK01ljlgO49/4242Yog+Y1FQMv6lj2N23iAxpRuYQl1yK1HcIqlWQy9wIn275KQzp1uHdG6kndKkr
XpI3BsVRKGg0itaft9+COZAnVndW43+fYmhmUrrMWyCS/R/6k3pFUlrSoZzJwlJmeDlDDaFF7kxfkAu1+Hq/8BR8fGcJGwj1t6DcEeY+YL+c4mSvaJKF9ks0WKeOoZnkqf4RhbtRd1ypAw==
JcVaNi8lQyzLE76QR+meCzfV4vL36NM2V8nVOpp5U2epHx8aHX/Ntemwg0BOVRSlRuRRb28l1JRBTSVcOzqu3ahyWBdPYmB6teI6BHXSVswx70ub6xbmwnpL0cHZN2yPQm1RqQw=
pHHTHIHApAwWIjy2chwRP/aEJ1eNrSoBhh6IHc/VDwesVF1eWt65kPkuSkoYFZvhkQm2gJ9cU/lIlmdcdNDki7mXkHk3LESdVtL4E/xOvEPY3t06i/gA675NQcjJ0glpi11vUKkP
1etHC1CcPWa/Dl63Mgim/jHe5PvT78cgcdnVP5ldSWWkHx8aHX/Ntemwg0BOVRSlRuRRb28l1JRBTSVcOzqu3ahyWBdPYmB6teI6BHXSVswx70ub6xbmwnpL0cHZN2yPQm1RqQw=
JqoggqFC/uI7ivwSkSvh0xd+YCxRRiViWuLBrAkSMvb4qeNdYbXOPF9gK8W4qh9glOycN0kr6MW3kDwhpm6ALxxyxH8o4qUGS0R4V07xOXQpbnFVe2EXbKkz
vR5WjopszSH0ipzBjPfRGgNa5PIeq3ADdE8tZlrmybgZBhoS2M3LiTHhBvgfpOOR6H63BDQINKPZv2BBNxS0tTb6KMu8FmyreLZtwguAsAMeJREQCYpZQWt1H2ipNw==
GLaFKN5un2LcXuOKYKIhJXM1mRjFp93noeDaZE02kZyGhEg/f/eJC6qevwaHPwDEy7LEWmB9AfUsh/dWcHt+oPQd7CSYlQCcgeRrYpRtNt8tZjmYTV9zfxNuqTU=
BO1W3SfmbyHKqXjAritCxjHe5PvT78cgcdnVP5ldSWW/Hx8aHX/Ntemwg0BOVRSlRuRRb28l1JRBTSVcOzqu3ahyWBdPYmB6teI6BHXSVswx70ub6xbmwnpL0cHZN2yPQm1RqQw=
ComGGbIaVJlhDGhuP5L00yqQgr5PBvfyhwt4H2+KivtkhGg5PImwchiHk4Jk0C21+J48s6qBGOQhirp8TUee27/+2rJWk4VhLY8AX54FZak4
XzvbARezhbffQno7ZZqPFfsx8iTyklNGvlynFjE4sUhy0JaTonB44MofqWS4RTrQrl7JM/38D9AvZICtNoFC9qQLeFjCYtofeLH9AIeW+dfZmPtJ6JxgUVfkZ6vZwanwipNKl3M8S2jAzFs0GXnS8DQ6skbKisEKQXF0Wgq0XlnQ3mbnBm7jTi2x9KLJZxl6ripALccr+nuJyc4LrwroxgFK3S7fKCqzZGrMni/nGz0GfXqOln/4hnK0TZ86a8YCjLRYSWrRXO0th9jnHN+rZCJIxpNWlIN6mDmdZC+7aoEAALyI9o6Ly0skzb0t3j7MNEi0ICV4X9xlsOmD88xMQHDp8IhZaatm3PFmK1WKWbzl40MriyKpcQ==
D+17pxyJtBdVCwlsZJjOpURlFkX4gn9ycmT2CJSqpZGdyYQNVYTgHy/+NSqIDcMk9xgafPjEf2jBmNx9wS7Coon0hRUu4+MvgW23JDiwFuq/7uBUVcyN6l7KUkmFMXFBruNjxzTWYyAg9Rfj3n824ZmgmEb6XfMbCVJPz1HPvorpLiGuGxRVoZvD4hAPzGM2UNr1CqrIwZPP3xKA5z9AYUNUETyQOZR6ymt6ij5JPeDv6wGRgzGnuhK2KZi7OeAD5NwmJhMI4FhXsOdpijx87stG3/TE5L7sLB/k7OIquJOdmDN6bujrQ4u6SpmRCcyiaKqLMGVYwVsqWSfZWHuZ5lWu0yj9eye/zWejDVa1m6TJ+kIcRRdGW2eu0pLuIy2hBZ9Yvxb1HalA
Oz+dMqg8MsdEXibNrsjcZgbxyR0ezTGGLIVP3jdbJUq61COoHQBY7SVmjoKF/OEl6lufr33V8xTcuBrKcyaExNFU0aqC0lZZofk9ISJrx7fwLl8gHA3Tk3r3uoHVaLxW/kUvW1XKy181B3Kq5SbFnl+sqSHneyYga8RvFhySEZouUB1Tk8cWkMN3jIHP3LXM1EGoevYTPnqawbEAI6MlgYcp+3rOLq0IX3GsI+jUQhbXsJzYqwijWW40cM4HjrtkQHzirPAH4PzG4vTzERCXCqoQ10O3Qo7pNYFAwiRiryBhQB0bdsGjSTyzVcZZpjcYucPbP7HfZz0yvZeEhbKmjMGPmps7ttaCymvhQYkX/E9SjSGpfA==
3WDt7Vj1lBS8etFk+iVwxeVBxHZrlU1JeVl3hGUYVAaCjQqCsk8vKCbKYNOjMYtnbD72tZacl9GFg4eqgUJxJx9C7nLCgyh14rBMfklCSW5bXDvbAzpaXHN1iKVkVNdG3GSbqxG++RLM6jAfc1Fbo8bHCElDqR4=
EPpOKCM69ur2WMh+a3xPTSkdibd/8AdiED4MWyvL4NAOT3mBjHjJ3trEDWZhzSvPnMIkD+gyxR9OVJgHDgFZxKke0eU7sTd8qSM=
6fUE610TZm81d/EpQqKzcQ+ewy7QctQXm2e4PG6j4S089FFSWkiV6tFhsyP8LnyjWH4dUI4YQEs+LQEoyfLJyQu9L3CpLw==
0nU7j+4xseTFakuAJ09xwg6ewy7QctQXm2e4PG6j4S089FFSWkiV6tFhsyP8LnyjWH4dUI4YQEs+LQEoyfLJyQu9L3CpLw==
KI0EBJkELgZ3aZL/vRJuhZwFinpShUtEvq4hDSOE/4nRUkElUpK3nMVBh6C58gJnOILtBiBPQPjTQ6t6c0OPXc7Z4sQ9gr5sqX/ZHnOGfiLSGxkBkUdEb3odaak0
970hjMW5hQKQRbR+3v9A7xABfa3dgKOGIK9KZleW2gtyENF3cTqp9w21fJ0Y1AdmzKQLC0O+KXJcKiB/I9Hrw/YHuClzqS4=
GvUm3a7PjXBYczH6ggwhb1qx+kifPJNZyHanPHTwpCs591BZNwyE/dZyuDP8LnyjWH4dUI4YQEs+LQEoyfLJyQu9L3CpLw==
6JaKYJLMuESOXsj37NcL5lqx+kifPJNZyHKlMnTwpCs591BZNwyE/dZyuDP8LnyjWH4dUI4YQEs+LQEoyfLJyQu9L3CpLw==
ny84Z65UGL0Xfc/ZXDlMp5dW/wLJQ/Agt/t9Y47JX////zl11i4dZHk0Y75gFLdDh/7tOqBazCcH8c/72hekIXepKg==
vCJSstulp/+xm76pa73g+jT2+FW7pmre2fVRTaACL1wk9CtuyLQv0x9+dao4uqT3TzGHC7L33NEPqVI=
+f7vAFeNJ18KJh4QXGnUkIYgOMJxdxrhIlhu8h+NTGCwiXBoGUKuRpwR5kuVqlmcJYPDy8sCqVE=
tfr4ypvk1GvpZgjWjhkA5kRlFkX4gn9ycmT2CJSqpZGdyYQNVYTgHy/+NSqIDcMk9xgafPjEf2jBmNx9wS7Coon0hRUu4+MvgW23JDiwFuq/7uBUVcyN6l7KUkmFMXFBruNjxzTWYyAg9Rfj3n824ZmgmEb6XfMbCVJPz1HPvorpLiGuGxRVoZvD4hAPzGM2UNr1CqrIwZPP3xKA5z9AYUNUETyQOZR6ymt6ij5JPeDv6wGRgzGnuhK2KZi7OeAD5NwmJhMI4FhXsOdpijx87stG3/TE5L7sLB/k7OIquJOdmDN6bujrQ4u6SpmRCcyiaKqLMGVYwVsqWSfZWHuZ5lWu0yj9eye/zWejDVa1m6TJ+kIcRRdMXmeu0pLuIy2hBZ9Yvxb1HalA
qLOsrNjtNUY0Kk5YXQB+pdPMwr7RZH2ou8sk5jis2MeDWRUUzEsJMUJhzovJjZmvdD1GL4PNAG7fmj7dDuPI6ZhSRSUs+t62huqkCB0AuaQJeoIchZcHXicukpKuo+2hxR+Yv1Z1XakA
5reNHTzKY12Q/ii/AIo4jXWAsKSysZMnYd7TNoRkYnCbUDZZXnTb062+lAEKRB/lQORXOxA2yZxzH3RrGDrx1bhiUjYKcjB4qeglBHXSVswx70ue6xbmwnpL0cHZN2yPQm1RqQw=
y9xq0cTzZ+fznvlK1igj3nWAsKSysZAnYd7TNoRkYnCbUDZZXnTb062+lAEKRB/lQORXOxA2yZxzH3VrGDrx1bhiUjYKcjB4qeglBHXSVswx70ue6xbmwnpL0cHZN2yPQm1RqQw=
KGdQE2lVUN9NWulHQEMQnzHI8M1gYbHFXBwhqlqw5ROwhe7qvPYsC/jWreIOoPDjnoXRcAmqGaHr1d8IqVc=
9CE5DHGmtuXHHkZkydacPCkFhbdm5hhiED4MWyvL4NAOT3mBjHjJ3trEDWZhzSvPnMIkD+gyxRdKVJsHDgFZxKke0eU7sTd8qSM=
T2gerdzVOMv8FdfQD6U2UAiDopQaanuHmHFSp8hJf0BQFm3FxvSwP12/1IqFGBqe+RvGa605DEigkRCgabEqrs/JxkOlkpk0tRsjgzt6qTk=
C8Pe6oeRPXPY696r89B46AGidflAcFPo9idUyIe7N/rvO0ps1jy/ZLHqSjydZ6DZzx2KcuYzFeHd79AfriV1qSg=
LPiUkNRYyJAiSkySKgjWKSgFhbdm5hhiED4MWyvL4NAOT3mBjHjJ3trEDWZhzSvPnMIkD+gyxR9IVJsHDgFZxKke0eU7sTd8qSM=
LnMJbyUEchlRJ9NIABm4uAiDopQaanuHmHFSp8hJf0FQFm3FxvSwP12/1IqFGBqe+RvGa605DEigkRCgabkors/JxkOlkpk0tRsjgzt6qTk=
oE14ErGUz6Z5rG4qUNo2zV9Cv01iAHuF0ia31j4ss6NK3zlRnU+v0oM7Ck5qha//16KvhFdbKz8rgDcVXqiEHzHV0YWhp5SMkX+Qfx92QzV0loJEPIYMG7hmTb8JcJFQXpXxgIka+bGrJX9YqQc=
jUyggats92QcsyXNnviIjtJ4EyYSiijTPHl2Ta36SiC+/wXvthtaVVrVoYi0hlxxOX1SBuFD7koL7xio8EjtoSNffDgBCxj7n/LLQeQiaqCc4mSvaJKF+0g0WaSOoZnkqf4RhbtRd1ypAw==
h98AQDJ4VmjUtJVAOryC8dJ4EyYSiinTPHl2Ta36SiC+/wXvthtaVVrVoYi0hlxxOX1SBuFD7koL7xio8EjtoCNffDgBCxj7n/LLQeQiaqCc4mSvaJKF/k80WaSOoZnkqf4RhbtRd1ypAw==
Qs3mnJs0Gx+RGNXFTmqgfl9Cv01iAHuF0ia31j4ss6NK3zlRnU+v0oM7Ck5qha//16KvhFdbKz8rgDcVXqiEHzHV0YWhp5SMkX+QexZhRDV0loJEPIYMG7hmTbMPcJhQXpXxgIka+bGrJX9YqQc=
UfLySD//PCcvbItRTlAFZtJ4EyYSiijTPHl2Ta36SiC+/wXvthtaVVrVoYi0hlxxOX1SBuFD7koL7xio8EjtoSNffDgBCxj/luXMQeQiaqCc4mSvaJKF9080UKSOoZnkqf4RhbtRd1ypAw==
lSHjnbfeaVJBKlOiWDSIgdJ4EyYSiinTPHl2Ta36SiC+/wXvthtaVVrVoYi0hlxxOX1SBuFD7koL7xio8EjtoCNffDgBCxj/luXMQeQiaqCc4mSvaJKF9080UKSOoZnkqf4RhbtRd1ypAw==
5BLIKSZfOzqXvN2NoupvpwCidflAcFPo9idUyIe7N/rvO0ps1jy/ZLHqSjydZ67fzxaJcuYzFeHd79AfriV1qSg=
8J9rRvd+sIg6U4XfGK/QYRABfa3dgKOGIK9KZleW2gtyENF3cTqp9w21fJ0Y1AdmzKQLC0a+KXpfKiB/I9Hrw/YHuClzqS4=
fyMBRVAl0VFN4ADaLe+A9lMnhLkPYUc1g4X7Q60BmWKsCxCDxctEBg2cmgJBjzYHBZ1stPglwOyh+25yvB72b032uQit7zOPM36pJQ==
1duyNSwXstk3MSo9eGkIYdPMwr7RZH2ou8sk5jis2MeDWRUUzEsJMUJhzovJjZmvdD1GL4PNAG7fmj7dDuPI6ZhSRSUs+tq/ke2kCB0AuaQJeoIchZcIWycvkJKuo+2hxR+Yv1Z1XakA
cEa8mqqdEr6WuyR6VqXjlHWAsKSysZMnYd7TNoRkYnCbUDZZXnTb062+lAEKRB/lQORXOxA2yZxzH3RrGDrx1bhiVj8ddTB4qeglBHXSVswx70Ca6xfkwnpL0cHZN2yPQm1RqQw=
f1Mz6nNAO9GayJIHDhpfi3WAsKSysZAnYd7TNoRkYnCbUDZZXnTb062+lAEKRB/lQORXOxA2yZxzH3VrGDrx1bhiVj8ddTB4qeglBHXSVswx70ua6xfkwnpL0cHZN2yPQm1RqQw=
TI2xo6eFGOkOIwf/HIgp9dPMwr7RZH2ou8sk5jis2MeDWRUUzEsJMUJhzovJjZmvdD1GL4PNAG7fmj7dDuPI6ZhSRSUs+t62huqkCB0AuaQJeoIchZcMWicukJKuo+2hxR+Yv1Z1XakA
7qx3pjdRBZ9hRFwZ4AyiuXWAsKSysZMnYd7TNoRkYnCbUDZZXnTb062+lAEKRB/lQORXOxA2yZxzH3RrGDrx1bhiUjYKcjB4qeglBHXSVswx70Ca6xbkwnpL0cHZN2yPQm1RqQw=
pq7m9Zx2WK9Hk70+F/NgWXWAsKSysZAnYd7TNoRkYnCbUDZZXnTb062+lAEKRB/lQORXOxA2yZxzH3VrGDrx1bhiUjYKcjB4qeglBHXSVswx70Ca6xbkwnpL0cHZN2yPQm1RqQw=
XBFNwqLJ0f01wyyS+JY97jHI8M1gYbHFXBwhqlqw5ROwhe7qvPYsC/jWrekKoPDhnoXRcAmqGaHr1d8IqVc=
krGMnsq4Q0IkgB6gQ++FHysFhbdm5hhiED4MWyvL4NAOT3mBjHjJ3trEDWZhzSvPnMIkD+gyxRdKVJgFDgFZxKke0eU7sTd8qSM=
0ji2lGKCjnzD1UHZzotpTAiDopQaanuHmHFSp8hJf0JQFm3FxvSwP12/1IqFGBqe+RvGa605DEigkRCgabEqrszLxkOlkpk0tRsjgzt6qTk=
DhiaKDaMmYA5xx/IdUYp5V9Cv01iAHuF0ia31j4ss6NK3zlRnU+s0oM7Ck5qha//16KvhFdbKz8rgDcVXqiEHzHV0YWhp5SMkX+Qfx92QzV0loJEPIYMG7hmTb8JcJBRXpXxgIka+bGrJX9YqQc=
f8rq0N7on7PSwdqbanqKAdJ4EyYSiijTPHl2Ta36SiC+/wXvthtZVVrVoYi0hlxxOX1SBuFD7koL7xio8EjtoSNffDgBCxj7n/LLQeQiaqCc4mSvaJKF/0g0WKWOoZnkqf4RhbtRd1ypAw==
bMgnztIDdqyzGaq0nRuTINJ4EyYSiinTPHl2Ta36SiC+/wXvthtZVVrVoYi0hlxxOX1SBuFD7koL7xio8EjtoCNffDgBCxj7n/LLQeQiaqCc4mSvaJKF+Eg0WKWOoZnkqf4RhbtRd1ypAw==
SknKncNCE38ZiSJuSOEB0F9Cv01iAHuF0ia31j4ss6NK3zlRnU+s0oM7Ck5qha//16KvhFdbKz8rgDcVXqiEHzHV0YWhp5SMkX+QexZhRDV0loJEPIYMG7hmTbgOcJVSXpTxgIka+bGrJX9YqQc=
23uPKsOn96MFkrLkfhXBv9J4EyYSiijTPHl2Ta36SiC+/wXvthtZVVrVoYi0hlxxOX1SBuFD7koL7xio8EjtoSNffDgBCxj/luXMQeQiaqCc4mSvaJKF/E40XaaOoJnkqf4RhbtRd1ypAw==
kCyw3ALdvDd7dJJVAxvKB9J4EyYSiinTPHl2Ta36SiC+/wXvthtZVVrVoYi0hlxxOX1SBuFD7koL7xio8EjtoCNffDgBCxj/luXMQeQiaqCc4mSvaJKF/E40XaaOoJnkqf4RhbtRd1ypAw==
WX8LmedLqCRjfNyPISAhLwOidflAcFPo9idUyIe7N/rvO0ps1jy/ZLHqSjydZ6XezxuLcuczFeHd79AfriV1qSg=
G6Z3TCpfFv5o4ksZC1myK8zs/Ehaj+B4MwOLelOD/txilBPEHUIe7Mm//R6Tw9+is9t5AbEHpO/a3QmpVA==
evYOTE0DGoXC1JS2lS5GKCkfg7d6/hliED4MWyvL4NAOT3mBjHjJ3trEDWZhzSvPnMIkD+gyxRxKVJwGDgBZxKke0eU7sTd8qSM=
YTwHjPkZoNA+7n8r7dVr2kR1gNAieg7OHl66783Al+lYYG7Iqu8QOOMju3pjo6wSGmNyRI3iTiz5n+kag6Iv4mO76YEBpxQvij15qSQ=
Bt7pk3IFYKG5Dn8ombv0+15Cv01iAHqF0ia31j4ss6NK3zlRnU+uyIU7FlZrha//16KvhFdbKz8rgDcVXqiEHzHV0YWhp5SMkX+Qfx92QzV0loJEPIYMG7hmTbMIcJhSXpTxgIka+bGrJX9YqQc=
eaEkAw0Ypl/m3AvEh7owytN4EyYSiivTPHl2Ta36SiC+/wXvthtbT1zVvZC1hlxxOX1SBuFD7koL7xio8EjtoSNffDgBCxj7n/LLQeQiaqCc4mSvaJKF+080UKaOoJnkqf4RhbtRd1ypAw==
vDNSRrUJVluG/QqasuhSJ2hx+9g0A6zyRd96UnR/Po4LNmaj5mAl7/26JW95Reg1pHTbDjj037MMeWWJCPoVV/+xF6viN4wxf6ki
Dp4rxdXE+/kDzHV5s2k4w1abs2HLJrIXm2e4PG6j4S089FFSWkiV6tFhsyP8LnyjWH4dU4kYQ0s+LAEoyfLJyQu9L3CpLw==
BgXPwq7EodVd/nJzebs3mjwc0VtY2P+Bzv3DsQyOvv0tV/SylRAahskgqZfn8cwQUPmwGPkxqTZ/YSY6ddrZ7MXzA7srcqkh
319u4wZ8gyLR+A04NqaCHXgDj4Uv/j9iESNqWyvL4NAOT3mBjHjJ3trEDWZhzSvPnMIkD+gyxR9JVJsHDgBZxKke0eU7sTd8qSM=
UebemBhRyeKQcDCUapVfFWkWx7I8CQh7z4HxRYYBk2W0Il6ZxctEBg2cmgJBnDkDH51stPglwOyh/mlytx32bk32uQit7zOPM36pJQ==
oGk8XuvvZvJfXhyWz25IDRRc+q9QDy7Yq4Vt51HnIu/7vwh0rusRdRzMQVpaQIXS8TlDazxmzHs4ho3YCZDTM950seCJOrkRK4U/eKkn
TnK2XneWJgrUruXIdi4c4VnS4cVBOg+HzWkXoMlFMRl+VSPJ3Mb+JV2/1IqFGBqe+QjJb7c5DEigkRCgaboprs/JxkKlkpk0tRsjgzt6qTk=
uNURs/Y/xqHsJOzUe5fH61D821lmQMqb+XpCS8oaVbuRu5ozi2OwKE53qelsUPnG2tw9ToGl+/fcOnSnSFo1hMnM6++uqIm8aSaBDVuZB2SpOw==
i4coXWzGj5vOOgDtuUDWo+3u3Hxa3PH5cQ8G9+qYYvQxGXHdNpnzvQR6nsH1EyQePYSaGnGEWdsvxazsSP2gdBFm6eoHhZa2/a55UJ03U5cDZqk9
UcXd4U4Vba0O+XoMhWilJm91emRa89Gtflxr1o3RLDYabp1/0X9SR1vX2MzuE0Fd/KRxQlpYtboREROTfN4cE5gu/UCJCCObfpzhWElCaTlLbQ9gqT8=
UnL65RfmvIC6c1Tv2ocwEG1DZ5Hd35T2IK9KZleW2gtyENF3cTqp9w21fJ0Y1AdmzKQLC0G4KXFcKiF/I9Hrw/YHuClzqS4=
XjS5L0qBXkjpqJEc0ZzbTF6Qs2HLJrkXm2e4PG6j4S089FFSWkiV6tFhsyP8LnyjWH4dUogYQ0s+LAEoyfLJyQu9L3CpLw==
0tSIxC/aoCjvfYCeeUrTXyAU2ltY2P+Jxf3DsQyOvv0tV/SylRAahskgqZfn8cwQUPmwGPkwqDZ/YSY6ddrZ7MXzA7srcqkh
Bb7huf/S/BTI+rhG4zp3o3Ifh44v/j9iDSthWyvL4NAOT3mBjHjJ3trEDWZhzSvPnMIkD+gyxR9IVJsHDgBZxKke0eU7sTd8qSM=
2TGhyVEL3GNq0l7/Ve97HGIc27o3CQh7z4vtTY0Bk2W0Il6ZxctEBg2cmgJBnDkDH51stPglwOyh/Whytx32bk32uQit7zOPM36pJQ==
2hNhRok3XG17aAqCFtNHTQNX8LNYBC7Yq4Vm7U3vKe/7vwh0rusRdRzMQVpaQIXS8TlDazxmzHs4ho3bCJDTM950seCJOrkRK4U/eKkn
yfFWUcZB6LD+ljB/I63wpVXF6s9dMgSHzWkXt8JPLRF1VSPJ3Mb+JV2/1IqFGBqe+QjJb7c5DEigkRCgaboors/JxkKlkpk0tRsjgzt6qTk=
wpa8yhEO4YfMBWp1SQa4wlfwzFJsXMKQ+XpCS8YNXrGNs5Ezi2OwKE53qelsUPnG2tw9ToGl+/fcOnSnSFo1hMjM6++uqIm8aSaBDVuZB2SpOw==
CC0WelfgSE8MuwvnUPw3tfjp0GtR1u3xeg8G9+qfbuM6E23VPZnzvQR6nsH1EyQePYSaGnGEWdsvxazsSP2gdBFm6OoHhZa2/a55UJ03U5cDZqk9
nxemxibFcPqtiUsOOZULUTO0rzwO57RciY2I5xreMVx8b2YwoFsS7cC0iHTACohQAerX1FhsBxoTfkoESioFAlmZ6OxZ9Wx8m79NOL5NSyh+d0Po/07ErtOJukrV6DYkuRryXLV3+18XDeLSHwMdIVW/yP8GVU2pEA==
iRejHaalQ5r8+gppIbAjCjT2+FW7pmre2fVRTaACL1wk9CtuyLQv0xh/dak4uqX3TzGHC7L33NEPqVI=
7DL9deDiUp2uWYqJ9zuLE4YgOMJxdxrhIlhu8h+NTGCwiXBoGUWvRp8R5kqVqlmcJYPDy8sCqVE=
zVAi0z208fId/SXYpfoneNG70I+EsA6KxURPr7Y22NeMyQs5SvgaglyK1HcIqlWTz9wLn274KQzp1uHdG6kndKkr
2Xc/j/+/gTP9xLsw7XJ/aw+ewy7QctQXm2e4PG6j4S089FFSWkiV6tFhsyP8LnyjWH4dUIkYSEs+LAEoyfLJyQu9L3CpLw==
v1VhVU72RMLW3k3erqGr5E09y4BfsXEuGi5DFjGezuFAVXmBjHjJ3trEDXVuyTHPnMIkD+gyxRxJVJAHDgBZxKke0eU7sTd8qSM=
1ls4Cw8emvN+bU120m+FD6eT41S50DMhoYq+BVNDA9+7pXEjFlNjiSGdWAykVtljypumRk8tBh7o/yMJDoCXlBv0S65oNI+T/X5VYlg6xTdvMWdLUnd8EW+pMg==
tFUeHGjlPLCOtPKeWxVvXqeT41S50DMhoYq+BVNDA9+7pXEjFlNjiSGdWAykVtljypumRk8tBh7s9jQODoCXlBv0S65oNI+T+HtVaFs6xTdvMWdLUnd8EW+pMg==
ZtzxnEtRZmPxScM+KSf+ZM3s/Ehaj+B4MwOLelOD/txilBPEHUIe7Mm//huTxN2is9t5AbEHpO/a3QmpVA==
IEyxHBdjyvui2/pSy/8TTkbTjntljJhP2qiAJrbO40e4POwEWPWAPMENa4LSzra+7UY5uA2/89/TDqlV
KMokLnlZ35WnCGFvMgdF0VSmdOxHYiD2vidD1J6Mc+C7LFl3zja/ZLHqSjydZ6PezxiJcuczFeHd79AfriV1qSg=
kBU2LfIj/dnWuOh9u3+P9kbTk3tljJhP2qiAJrbO40e4POwEWPWAPMEKaILdzra+7UY5uA2/89/TDqlV
4zjBe/zz3pvqya2vtqPY2Bkg1ohvMgffWlSluprblPNCbBzL4u8HJPoU/2A3tL0HCn5jRI3iTiz5n+8eg64t4mO76YEBpxQvij15qSQ=
g/jjgweW7prTmQ6Skbi0OJxP2TNQhWEWtak8PCKV952FREsAFJK3n8R4h+zktUs7M4DvQHJPV+TKdO9gJ1SNR9re88Q9gr5sqX/THnOHfCLTGxkBkUdEb3odaak0
3xgBJxTXHy9z3zVYvlPFATSJna8VHPzyzgc4Wy3AjeYsjS8rN4jzYA6Hk5Ru7GPgq8wpt56WD+Qhirp8TUee3r/+2LJXk4VhLY8AX54FZak4
T40GGUtj2hHs1DHlu9/kKW0EnqYvsmIkFmdLEnfA4tJIHXmWkGH+msCQGmR72SzenMIkD+gyxRZKVJsFDgBZxKke0eU7sTd8qSM=
nsxYmbHKWd/PbfdUz0o5e5xP2TNQhWEWtak8PCKV952FREsAFJK3n8R4h+zktUs7M4DvQHJPV+TKdO9gJ1SNR9re88Q9gr5sqX/TG3OEfCLTGxkBkUdEb3odaak0
mmNgS/dPE9VFQy9NaNlMyTSJna8VHPzyzgc4Wy3AjeYsjS8rN4jzYA6Hk5Ru7GPgq8wpt56WD+Qhirp8TUeS2r/82LJXk4VhLY8AX54FZak4
qQpR4TRk4+epMZn7IKtQL20EnqYvsmIkFmdLEnfA4tJIHXmWkGH+msCQGmR72SzenMIkD+gyxRxIVJoFDgBZxKke0eU7sTd8qSM=
etWnziloWZ8TKQC2Ec+PbJ1P2TNQhWEWtak8PCKV952FREsAFJK3n8R4h+zktUs7M4DvQHJPV+TKdO9gJ1SNR9re88Q9gr5sqX/bH3OEfCLTGxkBkUdEb3odaak0
0MZClFHXWxBrFdfDJ7cHUjSJna8VHPzyzgc4Wy3AjeYsjS8rN4jzYA6Hk5Ru7GPgq8wpt56WD+Qhirp8TUeT37/82LJXk4VhLY8AX54FZak4
4DHJC09B8Q9dDVtcvf4+RiZNlqovsmIkFmdLEnfA4tJIHXmWkGH+msCQGmR72SzenMIkD+gyxRZJVJwFDgBZxKke0eU7sTd8qSM=
/Scs2yBu6R9Lhv69wyqogWWNga4TDfDgzhg/Wy3AjeYsjS8rN4jzYA6Hk5Ru7GPgq8wpt56WD+Qhirp8TUeU2L/52LJXk4VhLY8AX54FZak4
WK6BGA385yByPJsBgj/b+1OTjKZvAxSwqSOzfBMGcjHxU+k0rZBQO03ssFA9IPXw989AqlEUf7ZkBJN7wT+hxcbKSa+bkTOzHieAOXupJg==
1r4qtqTS/iqhzIJAjt965QYy3ZNmJAOLWRixptDVm/tDYF/A4u8HJPoU/2A3tL0HCn5jRI3iTiz5n+kbg6As4mO76YEBpxQvij15qSQ=
ySDmQZUXmbB676qPSd/HikhB6KRLLWrW/4Yq4FajA6antAp26LkRYgDVdh5AFJLQ6y1EejxmzHs4ho3dC5DWMd50seCJOrkRK4U/eKkn
2Xlkc/rq7h4TjznWJVBoahlo5/uFUPVmlB3HS+84u6BGV6u0hpx74LM8QZemxsek6TrinCXXKllHaHASD2PNoeXf+D+2NX2pIA==
JDsr/g7H+Uodb5TCB1AbWyZNlqovsmIkFmdLEnfA4tJIHXmWkGH+msCQGmR72SzenMIkD+gyxR5PVJ4FDgBZxKke0eU7sTd8qSM=
x6hmFTZao2oKA0xhWAAcJQa5y0RiXMe5uDVGAo9aEryW/7t612iyKgglqf5wSc6CwIgqTJux/ObcOnSnSFo1gc/M7u2uqIm8aSaBDVuZB2SpOw==
20IlZrRj8N2V8wLVMrnWUEpkJH2bwH6ZnVKJ9N5L/0LcEmz0/42on8fIwPmzRhFpKjBUnN2TX/R3xlY53aNVTClwFGNR/NwY2aCROBvfXHKVdPtO2HS/c+h5RU+terWXn7H364K3LHFfqQI=
5Qv7yZJ5vGwY0nHQvxnqtBx/p4IsBe2zA5YqPjMrMpNKezSj8Xw82LmgcXh7X/wytXTbDjj037MFeWWODfoVV/+xF6viN4wxf6ki
7g9E3L+K7TA3jlwUsKAD/DVZmupUEVE+wdKmHeBGx2mpYxPLxdxYHzrYgFZWniMXGIxstPglwOyh+29ysBj2bk32uQit7zOPM36pJQ==
JmiIRBoO4INGHBrMiUKaARkg1ohvMgffWlSluprblPNCbBzL4u8HJPoU/2A3tL0HCn5jRI3iTiz5n+kag68r4mO76YEBpxQvij15qSQ=
OhDLsvpQTOSpWjxqnHW1Egm2iFZhDsa+uHNEDtsXUvrc+7t612iyKgglqf5wSc6CwIgqTJux/ObcOnSnSFo1js7M4OquqIm8aSaBDVuZB2SpOw==
K7tqybJluvYJFgLwClDVNWaG33mUvFmaxatC0LzqPBfRKWaJwYKXEnVIT0/M3vu79nQ3uF7qtuWvVB/azqz4j+0gaEvidADynsIz4yDAzDCQmTD4uRGpFj2Fplq1+tnMBZODW2tSqQE=
EafP7xE5TyJaJlKD0lxNjFOTjKZvAxSwqSOzfBMGcjHxU+k0rZBQO03ssFA9IPXw989AqlEUf7ZkBJN7yT+hw8DKSa+bkTOzHieAOXupJg==
Jm+kaH72pflT0CF0VbNlmlOTjKZvAxSwqSOzfBMGcjHxU+k0rZBQO03ssFA9IPXw989AqlEUf7ZkBJN7yz6hw8DKSa+bkTOzHieAOXupJg==
stm/6fji5bDeeIogv8rg1khB6KRLLWrW/4Yq4FajA6antAp26LkRYgDVdh5AFJLQ6y1EejxmzHs4ho3aC5DQN950seCJOrkRK4U/eKkn
URKDiStD+r5ro5DOOs9rd4j+cBg41pu4PBcCxL7+Y2vhiEkmaEXjW+swl4CqH28E4mTnYC9EpSfiDquExTLmjAEPWpv7NpKCi+uhQUmXPE+SDWGpPA==
GUmAV06PQp1ZFQWSE1IyJlOTjKZvAxSwqSOzfBMGcjHxU+k0rZBQO03ssFA9IPXw989AqlEUf7ZkBJN7yjqhwsDKSa+bkTOzHieAOXupJg==
dXLlaQSCok1pKP193L3Hqyl22kOZ5Zatub6XJh1kn4uUglsvfviHXOaW9hGHOA/e1rCYWyVsGO8ayIBGdm5jp/gc7CSYlQCcgexoYpRpNt4tZjmYTV9zfxNuqTU=
j7S3IGzunRBkaKZ/oGUQzhkg1ohvMgffWlSluprblPNCbBzL4u8HJPoU/2A3tL0HCn5jRI3iTiz5n+oag6Uq4mO76YEBpxQvij15qSQ=
x0m21FNuiPu6ivtmUgDnvQm2iFZhDsa+uHNEDtsXUvrc+7t612iyKgglqf5wSc6CwIgqTJux/ObcOnSnSFo1hcnM6+uuqIm8aSaBDVuZB2SpOw==
uVGqAKD+9dPgSGpEdGfp3KCD5UKq0m57/9fhUyFDQN67o2AoJVMv1GfGRlntY+UsmfCEAwE8DDipoGEYS5+MkgX0S65oNI+T+HhVaVw6xTdvMWdLUnd8EW+pMg==
ga5PMFshgAAGvUFm2lwilaCD5UKq0m57/9fhUyFDQN67o2AoJVMv1GfGRlntY+UsmfCEAwE8DDipoGEYS5+MkgX0S65oNI+T/35VaVw6xTdvMWdLUnd8EW+pMg==
JZgT7MTu1SdwdAMSio1HAKCD5UKq0m57/9fhUyFDQN67o2AoJVMv1GfGRlntY+UsmfCEAwE8DDipoGEYS5+MkgX0S65oNI+T+X5VaVw6xTdvMWdLUnd8EW+pMg==
jciXjb61QWn7dU+R3y1vK0pkJH2bwH6ZnVKJ9N5L/ULcEmz0/42onMfIwPmzRhFpKjBUnN2TX/R3xlY53aNVTClwFGNR/NwY2aCROBvfXHKVdPtO2HS/c+h4RUiserWXn7H364K3LHFfqQI=
V1VpS/EyLcZdIoFIftLsojBZmupUEVE+wdGmHeBGx2mpYxPLxdxYHzrYgFZWniMXGIxstPglwOyh/GtysRn2bk32uQit7zOPM36pJQ==
YsJWhqR/xLY+uxnYHuyFFTO0rzwO57RciY2I5xreMVx8b2YwoFsS7cC0iHTACohQAerX1FhsBxoTfkoESioFAlmZ6OxZ9Wx8m79NOL5NSyh+d0Po/07ErtOJukrV6DYkuRryXLV3/lkXC+PSHAEdIFW/yP8GVUejBw==
CHl1kKLvDX7b8I+yNB03kjT2+FW7pmre2fVRTaACL1wk9CtuyLQv0xx5da85uqb1TzCHC7L33NEFo0U=
1C8xzXCAYb6DcB7o1fd2FoYgOMJxdxrhIlhu8h+NTGCwiXBoGUGpRpkQ5kmXqlicJYPDy8sIo0Y=
hC+LLXslNrdg5JuigKtbx9G70I+EsA6KxURPr7Y22NeMyQs5SvgaglyK1HcIqlWXydwNnm77Kwzo1uHdG6knfqM8
Y5p8BUBm3H5TANfdJhtkPVSmdOxHYiD2vidD1J6Mc+C7LFl3zja/ZLHqSjydZ6/azxuKcuUxFeDd79AfriV/oz8=
dEhOonaCBIMZbCgekfaZpl/80UVlDsa+uHNEDtsXUvqPu/xk3m6uaQMlqf5wSc6CwIgqTJux/ObcOnSnSFo1g8nM7e+uqou8aCaBDVuZB26jLA==
3/iYgk6hVcE+WODw8IIhKDO0rzwO57RciY2I5xreMVx8b2YwoFsS7cC0iHTACohQAerX1FhsBxoTfkoESioFAlmZ6OxZ9Wx8m79NOL5NSyh+d0Po/07ErtOJukrV6DYkuRryXLV3/VsXCeHSHQEdIFW/yP8GVUejBw==
ER1ivdjPLlDrqzWxFTHbPTT2+FW7pmre2fVRTaACL1wk9CtuyLQv0x97da07uqf1TzCHC7L33NEFo0U=
MIhFqThPzfSpkiysTssw84YgOMJxdxrhIlhu8h+NTGCwiXBoGUKrRpsS5kiXqlicJYPDy8sIo0Y=
55jLdPVHjVEp889QfDpWBtG70I+EsA6KxURPr7Y22NeMyQs5SvgaglyK1HcIqlWUy9wPnG76Kwzo1uHdG6knfqM8
oaUyLUVmbgc5FUs28+1TJjO0rzwO57RciY2I5xreMVx8b2YwoFsS7cC0iHTACohQAerX1FhsBxoTfkoESioFAlmZ6OxZ9Wx8m79NOL5NSyh+d0Po/07ErtOJukrV6DYkuRryXLV3/FsXCeHSHQEdIFW/yP8GVUejBw==
atYN9ipO8f/Yd7KvrUoZNDT2+FW7pmre2fVRTaACL1wk9CtuyLQv0xl7da07uqf1TzCHC7L33NEFo0U=
wimUYYZMlE8ZRzvaSrCJ/4YgOMJxdxrhIlhu8h+NTGCwiXBoGUSrRpsS5kiXqlicJYPDy8sIo0Y=
fPBJfB65tMFeAKXOt917vdG70I+EsA6KxURPr7Y22NeMyQs5SvgaglyK1HcIqlWSy9wPnG76Kwzo1uHdG6knfqM8
jJA6l98otgRK5460zC+1YIXAH2w7N6KVN72yayXNrBkj4DZLy2d3ebnIszoGPPfoSSik3Sl+mmKxhK31NvPrL4l9r0QQQC6qZz6I9K18BWrWuuqpLWGpgdbTi+csxmsgKOUPwzZPTiFB8DCmQi17m4Hit285H2bK0d4JzgMEXaGT0/rwJ7xb9giKHarSeEkTRy+q4E/vGCG7ZHkciCmcesJ7YqpWecWgtzup8TvBLzqaBlE4U2m4w9ysDsYLGOhYX6D/CaLMRK4TlrdUPFQ2bKRvXAxKemBT5ajbWnb440ODqlK5eTm0YrD6I9DdKEnbounfeTCrQaZtXvtI5Wsvv8V3u+1+xaNkkaqqvD2nw9vvWWnyRfF14P2vMJ8O5R+jXw==
S7NHtb7ZJjlYuQ/PAPgJxPsx8iTyklNHvlynFjE4sUhy0JaTonB44MofqWS4RTrQrl7JM/38D9AvZICtNoFC9qQLeFjCYtofeLH9AIeW+dfZmPtJ6JxgUVfkZ6vZwanwipNKl3M8S2jAzFs0GXnS8DQ6skbKisEKQXF0Wgq0XlnQ3mbnBm7jTi2x9KLJZxl6ripALccr+nuJyc4LrwroxgFK3S7fKCqzZGrMni/nGz0GfXqOln/4hnK0TZ86a8YCjLRYSWrRXO0th9jnHN+rZCJIxpNWlIN6mDmdZC+7aoEAALyI9o6Ly0skzb0t3j7MNEi0ICV4X9xlsOmD88xMQHDp8IhZZKtm2/JmKFeKWLzl40MriyijZg==
LYdJ3jhMAVkdLsFvcZcUgFqx+kifPJNZyHKlMnTwpCs591BZNwyE/dZyuDP8LnyjWH4dW4sYR0g+LgMoyPLJyQu9L3qjOA==
8OiXIvXfEySYkEet/oKiGtwQhTciQTjkAUoa/O2HvtvfObkyNVHlYE1PYN/+xQ+jTw==
kEEavRvR6YSLEwiiQ+jx3zT2+FW7pmre2fVRTaACL1wk9CtuyLQv0xR7da07uqf1TzCHC7L33NEFo0U=
Y6/T0ND6Fq8gQUBt4wbKLoYgOMJxdxrhIlhu8h+NTGCwiXBoGUmrRpsS5kiXqlicJYPDy8sIo0Y=
J6QyVVYDPij2UJtyXau3WzHe5PvT78cgcdnVP5ldSWW/Hx8aHX/Ntemwg0BOVRSlRuRRb28l1JRFTytcOzqu3ahyWBdPYmB6teI6BHXSVswx70qb6xHlwnlJ0cDZN2yPQm1boxs=
t0G5jsZCSRJpvVPEzSATtnM1mRjFp93noeDaZE02kZyGhEg/f/eJC6qevwaHPwDAybzEWmB9AfUsh/dWcHt+oPQd7CSYlQCcgeVrYpNuNtwvZjiYTV9zfxNkoyI=
i1N/pWDUinbvRt5uPbGwNQNa5PIeq3ADdE8tZlrmybgZBhoS2M3LiTHhBvgfpOOR6Hq1CjQINKPZv2BBNxS0tTb6KMu8FmyreLZtwwuAtwAeJhMQCIpZQWt1H2KjIA==
KsFzw1uj8g2rWdW4z+a52xd+YCxRRiViWuLBrAkSMvb4qeNdYbXOPF9gK8W4rh1ulOycN0kr6MW3kDwhpm6ALxxyxH8o4qUHS0R/VE7yO3QobnFVe2EXZqMk
eZGOwRayVc0/93rsqoQ3hjHe5PvT78cgcdnVP5ldSWWkHx8aHX/Ntemwg0BOVRSlRuRRb28l1JRFTytcOzqu3ahyWBdPYmB6teI6BHXSVswx70qb6xHlwnlJ0cDZN2yPQm1boxs=
YLAgQLsRA/iz2J01yDni+PaEJ1eNrSoBhh6IHc/VDwesVF1eWt65kPkuSkoYFZvhkQm2gJ9cU/lIkmVSdNDki7mXkHk3LESdVtL4E/xOvEPY3t07i/gH6L5OQ8jI0glpi11vWqMY
4K3HdmRSkAPARTzVdkNFVjfV4vL36NM2V8nVOpp5U2epHx8aHX/Ntemwg0BOVRSlRuRRb28l1JRFTytcOzqu3ahyWBdPYmB6teI6BHXSVswx70qb6xHlwnlJ0cDZN2yPQm1boxs=
Bo7k3kWFF5LIraYyWgFRBZAnVndW43+fYmhmUrrMWyCS/R/6k3pFUlrSoZzJwlJmeDlDDaFF7kxfkAu1+H69/hR8fGcJGwj1t6DcEeY+YL+c4mSvaJKF90s0X6SOopvkqP4RhbtRd1ajFA==
upHDezIJkReMhAIACCnk6+3Gqw31jDM+uon+BXMQWs7wtWUvJQdpky/bDlCkP+wtk6yVAxsnDAn68zVKXpu4hRL0S65oNI+T/XpVbVs6xzVvMGdLUnd8EWWjJQ==
qlLytCWk4Oq18MZADbEDyMi/MAxwmZ2oNBJexavzaz+nzwE7IEyqB+Ixndy7H3Uf4lW0M3sWsCPWGbyExTLmjAEPU5r7MZWCiemhQEmXPE+SDWujKw==
