apO2QLWzYR2CXbIjdP3nf1zid3v32eYcazq096dnGFDBg1Xl7aBhiHlvdtqxSkJ+sdrZnGx7sK7T7ipJ5VS3BjzkO+s3uhlbqWqS3VNTe2MmR2gJdqMp
SlPKpBvUqNnKtlMcO2dEzgTwdFqI439ROyx+D/BNvj01CshMVxR4SPLk0JSTkGSG1zzhemL6JezRF+0JAy1TLMSvjMY2XNI6ERlMADXd2ig6z3CNt5k29/2K9YQ1ERJaf/GNnMBT4V3h4O3wDT/i8ozqnpZFKg2EoPv8toeeXiG59IsuqDTPE7t6FeMdOoa1LzMny5J3vJG6o+U=
0+CBJcDJR0dR6cEPu3IOAiPsKZAV6sFUv4EoKqyNtQ5sU0rY04WOAWpj7ZVlIOk4gc8eAmkKeo6ZusGMZHu4vssOAjndlO9W1ERDW786kasRCjoNCxODU05ncBl+oyE=
U/lMqqtu1ZPMT/O6op7M82LNw/tPWLqwwF92CWuKiv1VyjIoMoTxGFyNhJJo/WO99dc4sYqNDuQhirp8TUee2r/337JUkYVjLY8AX54FcKMv
Wef4tCSxY/b8GTww272Pvt/4242Yog+Y1FQMv6lj2N23iAxpRuYQl1yK1HcIqlWXydwBmm77Kwzr1uHdG6knYaM8
MtzpKjwbO6IfNQ+ApilJ0AbxyR0ezTGGLIVP3jdbJUq61COoHQBY7SVmjoKF/OEl6lufr33V8xTcuBrKcyaExNFU0aqC0lZZofk9ISJrx7fwLl8gHA3Tk3r3uoHVaLxW/kUvW1XKy181B3Kq5SbFnl+sqSHneyYga8RvFhySEZouUB1Tk8cWkMN3jIHP3LXM1EGoevYTPnqawbEAI6MlgYcp+3rOLq0IX3GsI+jUQhbXsJzYqwijWW40cM4HjrtkQHzirPAH4PzG4vTzERCXCqoQ10O3Qo7pNYFAwiRiryBhQB0bdsGjSTyzVcZZpjcYucPbP7HfZz0yvZeEhbKmjMGPkJk7v9OCyGnhQ4kX/E9SjTSjaw==
RuSboTx0nGeNNavkxTdhx/sx8iTyklNGvlynFjE4sUhy0JaTonB44MofqWS4RTrQrl7JM/38D9AvZICtNoFC9qQLeFjCYtofeLH9AIeW+dfZmPtJ6JxgUVfkZ6vZwanwipNKl3M8S2jAzFs0GXnS8DQ6skbKisEKQXF0Wgq0XlnQ3mbnBm7jTi2x9KLJZxl6ripALccr+nuJyc4LrwroxgFK3S7fKCqzZGrMni/nGz0GfXqOln/4hnK0TZ86a8YCjLRYSWrRXO0th9jnHN+rZCJIxpNWlIN6mDmdZC+7aoEAALyI9o6Ly0skzb0t3j7MNEi0ICV4X9xlsOmD88xMQHDp8IhZY6lm1fRmKVeKW7zl40MrizejZg==
oNFLu4adeVa00Ce9ReOEU0RlFkX4gn9ycmT2CJSqpZGdyYQNVYTgHy/+NSqIDcMk9xgafPjEf2jBmNx9wS7Coon0hRUu4+MvgW23JDiwFuq/7uBUVcyN6l7KUkmFMXFBruNjxzTWYyAg9Rfj3n824ZmgmEb6XfMbCVJPz1HPvorpLiGuGxRVoZvD4hAPzGM2UNr1CqrIwZPP3xKA5z9AYUNUETyQOZR6ymt6ij5JPeDv6wGRgzGnuhK2KZi7OeAD5NwmJhMI4FhXsOdpijx87stG3/TE5L7sLB/k7OIquJOdmDN6bujrQ4u6SpmRCcyiaKqLMGVYwVsqWSfZWHuZ5lWu0yj9eye/zWejDVa1m6TJ+kIcRRdMWWen15LsIS2jBZ9Yvxb1CKNX
i+3pR/PUTqHZXL9k/N/93jT2+FW7pmre2fVRTaACL1wk9CtuyLQv0x1+daM9uqb1TzOHC7L33NEao0U=
KOiQ88aY5TBCUGgfcvN/VYYgOMJxdxrhIlhu8h+NTGCwiXBoGUCuRpUU5kmXqlucJYPDy8sXo0Y=
bipexfUlSH8vHGENhXhzkjT2+FW7pmre2fVRTaACL1wk9CtuyLQv0xx+daM9uqb1TzOHC7L33NEao0U=
Kmc+/iTHjuNF0EzdPz/JFoYgOMJxdxrhIlhu8h+NTGCwiXBoGUGuRpUU5kmXqlucJYPDy8sXo0Y=
FBHoSIN9EDVQda8oIkRPf5AnVndW43+fYmhmUrrMWyCS/R/6k3pFUlrSoZzJwlJmeDlDDaFF7kxfkAu1+Hq/8BR8fGcJGwj1t6DcEeY+YL+c4mSvaJKF/040UaKOo5vkq/4RhbtRd0mjFA==
Zr86u7ZnG/Kt4zRH9ZGv/DfV4vL36NM2V8nVOpp5U2epHx8aHX/Ntemwg0BOVRSlRuRRb28l1JRBTSVcOzqu3ahyWBdPYmB6teI6BHXSVswx70Ke6x/jwnhJ0cPZN2yPQm1Eoxs=
USZ5rykzHuSk7VoyqYkWjfaEJ1eNrSoBhh6IHc/VDwesVF1eWt65kPkuSkoYFZvhkQm2gJ9cU/lIlmdcdNDki7mXkHk3LESdVtL4E/xOvEPY3t0zjvgJ7r5PQ8jL0glpi11vRaMY
1GOdmeTaD5nbVMU406T/XzHe5PvT78cgcdnVP5ldSWWkHx8aHX/Ntemwg0BOVRSlRuRRb28l1JRBTSVcOzqu3ahyWBdPYmB6teI6BHXSVswx70Ke6x/jwnhJ0cPZN2yPQm1Eoxs=
GmEhiczS3KNF/20yeudjzxd+YCxRRiViWuLBrAkSMvb4qeNdYbXOPF9gK8W4qh9glOycN0kr6MW3kDwhpm6ALxxyxH8o4qUPTkRxUk7zO3QrbnFVe2EXeaMk
8Z3bzoeOWVdidUTVjHgGgQNa5PIeq3ADdE8tZlrmybgZBhoS2M3LiTHhBvgfpOOR6H63BDQINKPZv2BBNxS0tTb6KMu8FmyreLZtyw6AuQYeJxMQC4pZQWt1H32jIA==
rbOSr1D3cONwNHtdfdMQiXM1mRjFp93noeDaZE02kZyGhEg/f/eJC6qevwaHPwDEy7LEWmB9AfUsh/dWcHt+oPQd7CSYlQCcge1uYp1oNt0vZjuYTV9zfxN7oyI=
iM3ueKtioqZX31fHS3vmCDHe5PvT78cgcdnVP5ldSWW/Hx8aHX/Ntemwg0BOVRSlRuRRb28l1JRBTSVcOzqu3ahyWBdPYmB6teI6BHXSVswx70Ke6x/jwnhJ0cPZN2yPQm1Eoxs=
Ak05lqwIV8UOSNDINsqrT3y6L9sspJ5MM8xP4x45Jrl2eNaa7qxqYtelFL2RjlIi+VR11V7DEy/xTUdkSBDmai9OMBQF7J3qTiqCCdXR4cEeA9OHBDZTIBAVJ6Nun4ZhCUDIBiq94xsZch+PgW8uChmOUe7rNCWha+OS0P9sE7bAeqXKeujRk9+/QkA3X9Dh8zSh/KBZpHr6C0pKjimNYH+L0VHTUbe6Apb5WOuZcIOUfNbmYygQWCeQFyn6nIxuW+YPtJTEruw8/zSsssooEy14gzpeCNtDu1p62SHpfCL4SttwtbjRWzp5d5mI2wlmpQ6jaA1bV789R9PNphXrJFlaEtyVN15ed8eHUjxBvSO1/+h/JpU4o2c=
WHfABbIH2ay7KkcV+4yoQiqQgr5PBvfyhwt4H2+KivtkhGg5PImwchiHk4Jk0C21+J48s6qBGOQhirp8TUeW3r/337JUkYVjLY8AX54FcKMv
rr/UY/MJlvtyka28E0Dbeikdibd/8AdiED4MWyvL4NAOT3mBjHjJ3trEDWZhzSvPnMIkD+gyxRxKVJkDDgNbxKse0eU7sTdpozQ=
BbKVu95mPd9mGhTWj/t+pm3JlUdoWtO8lTUMB8odVLff4qx8xXa8BQBtqelsUPnG2tw9XY6h4ffcOnSnSFo1hMrM6euuq4u8ayaBDVuZB3GjLA==
CT8JgYyDZNb/Mlh6BmD+gw+ewy7QctQXm2e4PG6j4S089FFSWkiV6tFhsyP8LnyjWH4dVIoYQU8+LwMoy/LJyQu9L2WjOA==
GohHuzUd/6wWNo5lzO+W/009y4BfsXEuGi5DFjGezuFAVXmBjHjJ3trEDXVuyTHPnMIkD+gyxRhKVJkDDgNbxKse0eU7sTdpozQ=
SbeWCL7T3lqOPzVcxGi5tQ6ewy7QctQXm2e4PG6j4S089FFSWkiV6tFhsyP8LnyjWH4dWooYQU8+LwMoy/LJyQu9L2WjOA==
zYnWe7ncfh5l6IV156ACM009y4BfsXEuGi5DFjGfzuFAVXmBjHjJ3trEDXVuyTHPnMIkD+gyxRZKVJkDDgNbxKse0eU7sTdpozQ=
wLrm0b+aQT+zJRSa97MuKikfg7V99BhiED4MWyvL4NAOT3mBjHjJ3trEDWZhzSvPnMIkD+gyxR9IVJkDDgNbxKse0eU7sTdpozQ=
08flhaWih/gqME7DK4uawJwFinpShUtEvq4hDSOE/4nRUkElUpK3nMVBh6C58gJnOILtBiBPQPjTQ6t6c0OPXc7Z4sQ9gr5sqX/aGHOHeiLQGRkDkUdEb3odfKMj
p13uklvfaQHRgloZf4QuCOt/NMAPI4yNkm2Qz+2dheJm+TW80JiFfIRwC7/5FPipOCEFGhdAOx8d3//I3qXIohCVfCbhQpjYEvCEiMLf2Jibk0N6GxNUslJTmoTlcoYM4c8ymNv3MgIoKUFDKdfczzJNVKML
twspp6y4AQiSjKANgCRpCG3JlUViWNG4ijUMB8odVLff4q52x3S4GgBtqelsUPnG2tw9XY6h4ffcOnSnSFo1h8jM6euuq4u8ayaBDVuZB3GjLA==
UT8X8LTCdI69cDh+H+p4NQG4c/tbYlPo9idUyIe7N/rvO0ps1jy/ZLHqSjydZ6DYzx+OcuQxFePd79AfriVgoz8=
NLAjlLYuVGxFKyONm8OLAl2pITy0nJhSYD2CpbFCXUj10RGS7YBT5hBvOobnFkprotCBl2E6uZfd9Sx9iFS3BjzkO+swuhlSqGqS3VNTe2MmR2gJdqMp
JlyWatYIdgVFdNOlIjFCcLYYD3tRz2yZSGl9ZqzsRzie+R/Z0AEHWF3Opd/Xw1BsbyhiQ+tfzgIM2Qm39HykxkA1OWEMGAn+2uTNFe4pca+c4mSvaJKF/0o0WKOOo5vkq/4RhbtRd0mjFA==
55pTtGaQUGDiW/IZKiYaE0dX+KhPLEqXu8tGpkz9AaOkqAxC4PERdRzMQVpaQIXD8DVOejxmzHs4ho3ZCpDQN953s+CLOrkRK4U/baMw
s4QHgMvh9lsAfBf7nb+8RRABfa3dgKOGIK9KZleW2gtyENF3cTqp9w21fJ0Y1AdmzKQLC0e4KXJYKiJ9I9Prw/YHuClmozk=
gbMnVvRWLUI9KYIC+L0ot1MnhLkPYUc1g4X7Q60BmWKsCxCDxctEBg2cmgJBjzYHBZ1stPglwOyh+mhytBn2bU/2uwit7zOPM2ujMg==
p3fSzHcej6W6hNrjnlpjftPMwr7RZH2ou8sk5jis2MeDWRUUzEsJMUJhzovJjZmvdD1GL4PNAG7fmj7dDuPI6ZhSRSUs+tq/ke2kCB0AuaQJeoIchZcMXictlpKsoe2jxR+Yv1Z1SKMX
25RrfaIDS3ejrfnsmbA6a3WAsKSysZMnYd7TNoRkYnCbUDZZXnTb062+lAEKRB/lQORXOxA2yZxzH3RrGDrx1bhiVj8ddTB4qeglBHXSVswx70ab6xTiwnhJ0cPZN2yPQm1Eoxs=
QP9MjDZ0UUMIcudQcjNEUHWAsKSysZAnYd7TNoRkYnCbUDZZXnTb062+lAEKRB/lQORXOxA2yZxzH3VrGDrx1bhiVj8ddTB4qeglBHXSVswx70Ga6xTiwnhJ0cPZN2yPQm1Eoxs=
dCCVizQrOGKmuNNQ0Cr2pDO0rzwO57RciY2I5xreMVx8b2YwoFsS7cC0iHTACohQAerX1FhsBxoTfkoESioFAlmZ6OxZ9Wx8m79NOL5NSyh+d0Po/07ErtOJukrV6DYkuRryXLV3+lkXDePSHQEdI1W/yP8GVVijBw==
oZkhWDpBoi2k7tbOXG05A9G70I+EsA6KxURPr7Y22NeMyQs5SvgaglyK1HcIqlWTydwLnm76Kwzr1uHdG6knYaM8
KRz4RA+kygMZmyO0geAayjT2+FW7pmre2fVRTaACL1wk9CtuyLQv0xh5dak5uqf1TzOHC7L33NEao0U=
5dXSqFFVQmmi32mkbfn/C4YgOMJxdxrhIlhu8h+NTGCwiXBoGUWpRp8Q5kiXqlucJYPDy8sXo0Y=
Cno9UD49IpXAzyULyFseXzO0rzwO57RciY2I5xreMVx8b2YwoFsS7cC0iHTACohQAerX1FhsBxoTfkoESioFAlmZ6OxZ9Wx8m79NOL5NSyh+d0Po/07ErtOJukrV6DYkuRryXLV3+1kXDOPSHQEdI1W/yP8GVVijBw==
grMUR/mdtJDaJi/A0l5mHjT2+FW7pmre2fVRTaACL1wk9CtuyLQv0xl5dag5uqf1TzOHC7L33NEao0U=
YR5368bT4pSHSYJV5IjAuYYgOMJxdxrhIlhu8h+NTGCwiXBoGUSpRp4Q5kiXqlucJYPDy8sXo0Y=
9pMIGcRc0WrXLGWo+oojfdG70I+EsA6KxURPr7Y22NeMyQs5SvgaglyK1HcIqlWSydwKnm76Kwzr1uHdG6knYaM8
8m+rf2otRNAYfe1XnLh5CTO0rzwO57RciY2I5xreMVx8b2YwoFsS7cC0iHTACohQAerX1FhsBxoTfkoESioFAlmZ6OxZ9Wx8m79NOL5NSyh+d0Po/07ErtOJukrV6DYkuRryXLV391kXDOPSHQEdI1W/yP8GVVijBw==
+Pxqgw+deUX4XAm6ZDIJMTT2+FW7pmre2fVRTaACL1wk9CtuyLQv0xV5dag5uqf1TzOHC7L33NEao0U=
mStcfpB/E+GLoExfvprexIYgOMJxdxrhIlhu8h+NTGCwiXBoGUipRp4Q5kiXqlucJYPDy8sXo0Y=
AYnxz1WNcohQTQRigLm4qNG70I+EsA6KxURPr7Y22NeMyQs5SvgaglyK1HcIqlWeydwKnm76Kwzr1uHdG6knYaM8
FO5zQRci4nxDpGPv6huP8m+UFQbXfh/AjZsbsZIZHZwIs/UbSYmHtI3COEDJCHdUmiUXAqSSj/iTDQiP1e83ARG8rjyQWtlCNgwTALuKaMZUUZMdF3ForzUfkrrVoJaZsTuIM/DR/4yOXvxRxXs/ngmXh2PYOm+itza9eONhra/ECBnAZQY29iNS7AR383lTlBhxkybRhRhH5LZVonr8B1xSaAX7UIlHlwkFvRHapHpvwG0VhjPi0DA+NWTWmOHcQfEcsPpereoJrIIoiIwaE+L09Abeo1vUZaLIhF3DPdbsQcdFCpIOhp0oY1T3OxyVYYGO1/9W0yJFsFsXkX/7C4UVQLmdlK/WlEQD2/A50SBVCnuNSxPD0w5nMJk+o2E=
P5HhI2rwTvlRvkwx0HwyvPsx8iTyklNHvlynFjE4sUhy0JaTonB44MofqWS4RTrQrl7JM/38D9AvZICtNoFC9qQLeFjCYtofeLH9AIeW+dfZmPtJ6JxgUVfkZ6vZwanwipNKl3M8S2jAzFs0GXnS8DQ6skbKisEKQXF0Wgq0XlnQ3mbnBm7jTi2x9KLJZxl6ripALccr+nuJyc4LrwroxgFK3S7fKCqzZGrMni/nGz0GfXqOln/4hnK0TZ86a8YCjLRYSWrRXO0th9jnHN+rZCJIxpNWlIN6mDmdZC+7aoEAALyI9o6Ly0skzb0t3j7MNEi0ICV4X9xlsOmD88xMQHDp8IhZaalm3vBmKFeKW7zl40MrizejZg==
GEuCLMBSaTDS7E6kLLbtH1qx+kifPJNZyHKlMnTwpCs591BZNwyE/dZyuDP8LnyjWH4dUYgYQko+LgMoy/LJyQu9L2WjOA==
msgrWaJacjaS+mjByOpyi9wQhTciQTjkAUoa/O2HtNjfPLsyNVHlY01PYN/+xRCjTw==
Q+rTjvHNzUafkTvlbDo2QTT2+FW7pmre2fVRTaACL1wk9CtuyLQv0x54dag5uqf1TzOHC7L33NEao0U=
GsYHbbvFqIZgfmyOquOB04YgOMJxdxrhIlhu8h+NTGCwiXBoGUOoRp4Q5kiXqlucJYPDy8sXo0Y=
F5GO/COnq7hP+KvU2HvfbjHe5PvT78cgcdnVP5ldSWW/Hx8aHX/Ntemwg0BOVRSlRuRRb28l1JRFTytcOzqu3ahyWBdPYmB6teI6BHXSVswx70CY6xTnwnlJ0cPZN2yPQm1Eoxs=
+mzhJSn4qnvMuMl/ZZ9drHM1mRjFp93noeDaZE02kZyGhEg/f/eJC6qevwaHPwDAybzEWmB9AfUsh/dWcHt+oPQd7CSYlQCcge9oYpZsNtwvZjuYTV9zfxN7oyI=
0n1L5YVZp5Gt/+V9NDGSngNa5PIeq3ADdE8tZlrmybgZBhoS2M3LiTHhBvgfpOOR6Hq1CjQINKPZv2BBNxS0tTb6KMu8FmyreLZtyQiAsgIeJhMQC4pZQWt1H32jIA==
UmKT9/QNfS6bcr87Ks5XExd+YCxRRiViWuLBrAkSMvb4qeNdYbXOPF9gK8W4rh1ulOycN0kr6MW3kDwhpm6ALxxyxH8o4qUNSER6Vk7yO3QrbnFVe2EXeaMk
pN5tRZJdei/5VG5iwES/bzHe5PvT78cgcdnVP5ldSWWkHx8aHX/Ntemwg0BOVRSlRuRRb28l1JRFTytcOzqu3ahyWBdPYmB6teI6BHXSVswx70CY6xTnwnlJ0cPZN2yPQm1Eoxs=
X+w3odSuhrEV26aFipqbM/aEJ1eNrSoBhh6IHc/VDwesVF1eWt65kPkuSkoYFZvhkQm2gJ9cU/lIkmVSdNDki7mXkHk3LESdVtL4E/xOvEPY3t0xiPgC6r5OQ8jL0glpi11vRaMY
tGfhnfxzD+HwKFMWJU/jqDfV4vL36NM2V8nVOpp5U2epHx8aHX/Ntemwg0BOVRSlRuRRb28l1JRFTytcOzqu3ahyWBdPYmB6teI6BHXSVswx70CY6xTnwnlJ0cPZN2yPQm1Eoxs=
4vM1ABtU0tpP3XQ5DdNYwpAnVndW43+fYmhmUrrMWyCS/R/6k3pFUlrSoZzJwlJmeDlDDaFF7kxfkAu1+H69/hR8fGcJGwj1t6DcEeY+YL+c4mSvaJKF/Ug0WqaOopvkq/4RhbtRd0mjFA==
E7e80fyrhxvSoMHh3hvnne3Gqw31jDM+uon+BXMQWs7wtWUvJQdpky/bDlCkP+wtk6yVAxsnDAn68zVKXpu4hRL0S65oNI+T/nhVaFk6xzVvM2dLUnd8EXqjJQ==
csDa1AbeLPAEHcJT0XPdLci/MAxwmZ2oNBJexavzaz+nzwE7IEyqB+Ixndy7H3Uf4lW0M3sWsCPWGbyExTLmjAEPUJj7NJeCiemhQ0mXPE+SDXSjKw==
