1MaFjE3r4slOIhjgx6yQhLOGva+io4N9QyDc/rpdKRujhfqLN/OZtuE3kDX2TXg9mIfzerkFV67l4uB6AQJWg/go8trKIaEuX7pu68dbWW4xMlU4Sa4FJg==
OP99fFTfPr1lzH4u3KZ0e3rFY4rIQ2CzyO746Jcm1l2x0adU19mJ1itaG10MDCOMPaWfe+rI248Ac3+RtPHHbJwWfyCxlrMecEuM+rZfx0XzeonMRHGYb3w83LnB595PBgdgW975ih9v/9kyKStAwQ+hmJmwu0MuoUnX6u2+cE45rvZnENQCzhKtYSoXJj6fvzc5SpmOZezRYgXi
ipEIA4pqGXO6Kb1fto9lkBRquOlQW7xRiK3a9uH/2EcsQSq55renYhBtWhOnexkOEZ/w5SYFOMWo79NiqQ1XlpXKACJRypb7SMBSQlqpIZavEg4zFxMZlgFadSBZpgUe
CCY0NpoHw0415Va5wRpGNwGqiQcpH43s9yIWGcoaWqir8qh22mW8GQA4r/lsZbzFlNEsW46wwJTGOXymSkgmh8HE6+SmqZutaTTVHE3KRagFLA==
jK3C0dM04E/2Eeto4+i3RJkV9ADVUfEypus+c5GcX/Xcuj1qnzkSXh8uYLZhFqVVhPHlOatSzDUW8d2vywH3Y7sFPQ==
okK7bto7EG5ePewqEf4azwglZSHNqy7PwRnJsIk4sxiGVSu4qv2owp2KienuRwJuLyURgprHGbMxlRww3bFJQj4rRmNJ/NcltLrVOhfZSk7nbvhG2XatZOxxTUmjcrSFjrHlv5OhfzOTBRU=
tCM5uhRFGVFognqweNjk/fCPIV6ptDoKvAqOEe3OGgGBGRxSSsSz3bMrSEgNBJChyxi9zoUBWv5VkHRJc4OhgqCGm1taeECETcPIYOZNtELazMozgfAD4LZNU9nJwF14nQ4tnAUY
u0Z5++LD/seMbtw1juZrpmlQ+nOiUBFXUVbMIWexH8Gx71zakYqF8Rp3FgYTxc2q7pfNS/3VUIgJYf0qYou6y92MY704Olmioyne5pvOJK5tJvncILEBMfeiQK3S0dlXh5ELK58FGQ==
Seb5VgnSDVk6LkUvOxDrZfaEJ1eNsy4cmhqOFO7qAAOMGRxSSsSz3bMrSEgNBJChyxi9zoUBWv5VkHRJc4OhgqCGm1taeECETcPIYOZNtELazMozgfAD4LZNU9nJwF14nQ4tnAUY
G1MK/ewK/8k6JuhctrazEvPGpB74sXgirYq5CT4HUs6/pWEiagdpkyGVDFDtcfkijqvWAxk8BwXEuiUaR5marnfuSKZpNp2E/HFdaVMyxCV+MXUfQ2EvU6MFJQ==
aaET01wJsndeAA6egDBspRzaCKY+1/g90bx0KqmKvQEyF07W24WFGhY3pdtlVcgYoYFFWipLcpuFrIuNQDqhkssJBjbTjuxe1UZRTLgxmaEfAjgdGhGRB19xI1unBSE=
2wYnFZCnwkMGHEiL118w48kDm2ZLk2oW/q4rCj+FuJ/EQkkVF478n89/h/WqvEspL474GyBPT+TBSYJ6Y1aBQczigd4+ir9uu2jaEXuFdSrSCQgBgxNVeSlfpQUj
G/9uBjunwmb33eajsJ4mpfaEJ1eNsy4cmhqOFO7qAAOXGRxSSsSz3bMrSEgNBJChyxi9zoUBWv5VkHRJc4OhgqCGm1taeECETcPIYOZNtELazMozgfAD4LZNU9nJwF14nQ4tnAUY
gJKzJTsGFJK7iAtaZ5vazUn3yEIpQcCusHYYD84aWq6avPJn1Gj9c0QyuOlgSPLNmZgoWa681pTGOXymSkgth8HE6+SmqZutaTTVHE3KRagFLA==
fXkAc66rDzq7CDWk5Ke3QrQi5t0YVchT/1tvF9tLUhzOpYhamh3wRIFCGZd74PWPA/SnodAB7DfgpP1o7bDesIC6OVx+qY8RYmhrbxp7FgImzz0a5dnLMoNoUDhZPCv99jiXmjJJfXeEmnQoAQ/+MasAfz2TTgX4mYhZ0GiUOOlJn2XVn3BbhuFB8HoGCr8yHS3JNv5io7+0H7d10t0vsuAZsEqLUUganuXENAhTQLq/Xd8yNwau63zK6plqDrYQt/bRsP5LmTBdkb8INteuvFIGxHsQ6QCxP6q7GtdDu3QcLAEKzLX90xgeVIPBL8gX4WfIgxSVN3MabNWwZp2U0pr8ZYOBQKPQdt1ziUmQvehdfs3sBWg=
OB5J9UByciygWPvTGNkokny6L9sspJ5NM8xP6BIxJblnbv3q/uJnasK+Pc2B21Izt0N+11/dDDDuUl58Fw/9dTdYMQQBs8HuViGIDsuJirIMQNPSBGdXJRYVe/87gs1hW03cEiO95wJWc06ImXYtCRiIAL/rRVCzYfvRxftrBbDTfqiNZK+Iz8+1X00iUt/uvSmjqaZTu37tPTYIjCXAKnqJ00TCWvf7DobjUqaGccCEdsvrdiUfV2mQAmD5mIxyCbARs83bre40tymxst1tHiB47SZNHrZQpl54w3npb2+kXdV4t6v3fCpzapSd1gZJuD6mdQxybrQ6SdrGn2flPlpSE96HL15Rf82JWj5RrCGnq/lpddfhBWc=
mDSEFeZgJdnVZH/CqLdAt+90bi40p5MRFxECgxKZga+Bv9qBUxOL4xUi8DMP5xexN/wxBniR8GZaoYj4cf5hq5vcjbPzSN8dUL2UixCYhVQNjKYMcAZB4L6V9y2SVBPT+sduvtbzRSbl5bMOc9QohLmAU8EGBO+m8vUFy3QmDBThM4YNW7wHgRPyfURptCHsiKhAVbkjHWlfTCO6EX2Ixua2x47tEbEK/l7bg0Sjz8kyYVeOECXIdkvtMKZuWbwI6G84hk/hp463utZXjPaSpYoyzqxHSqkMPnfhDK2tx7TWa9YAojq8RxDVeI3PFsOmN//DSOwQeTYMCYVv6KIsvyETsCsR27A/lClPz+pQrYyGoexuakAdP0F82+yG4Qs1qSzFVK1CtdAFVA==
gf2Nx/5TypCZvilWEUxCNFFf/vlOHfPt8smnuHmN28zZi89q5/FDjvnkGYIOKO7KIzpcwaPG0lANeQ8DfFhgDB0kIbw48PCrmghKsS5lE00SYTEd9mRdvKWZYragIlajOMhyuosCoQ4f2u4LB3tZTvHS1VgJjgUG
3VXRou2ly0BFtRFk5rdj1h4h+9hkUpC9Xts7Pm4gNoIEeCOl7H827rn+JG1wSuEex27YBjn2zaAPcW2JA/IURe6xBf/zId9zswU1
EdEOay5z7EIOC4tQmZ0//xAgWMWSm/eGOvBCaljYnw14D8J2NX6o9QS6dbZ7zgRuzaYZH0OxIXFXIiBtMtH5l+cR62u/BTk=
0JYl9bDVyLCbomBRmfqIRxEgWMWSm/eGOvBCaljYnw14D8J2NX6o9QS6dbZ7zgRuzaYZH0OxIXFXIiBtMtH5l+cR62u/BTk=
tc9VDaLnwLmXcnB5N+ZV6n9+ycktmnpqTnBqfUz3yalDERI1mcvLkHDFQ/lLvqTF5GekC2Aed6/Dr2AOHlGnqz7gCLimFWSqeqR5yAGIswgWJQMBCZgNUH0mXaQFIA==
jodDr3n71rHGT7CY6GS+nWIX4jMXw6vIqOecuQCB8LgrXeuhlFReh8sppp7MktYTWPiyCu0yoT5/ai47Z8vZ/pHiFehpvgU2
kW5P3q83uE73q/LDqLYFsUUPYaPd1bDIaeFdakKL2gt9DMN9WDq54gOpfqZ7zgRuzaYZHkOxIXFXIiBtMtH5l+cR62u/BTk=
TUHVagUq/Uw3PKZZbGyRtEUPYaPd1bDIaeVfZEKL2gt9DMN9WDq54gOpfqZ7zgRuzaYZHkOxIXFXIiBtMtH5l+cR62u/BTk=
nPtzkCC6xckTQpYChDyDi1ERc8gl73rb7OgTBIOgaT0WlcoBFLYbI2E2Nn+gjGJWJHbh8ie+XscPL/nSqdYF9GG6BTo=
u+tMcQdDG3uSm7yQv6BR2Ffdnnpul4RU+OeacarC4VOETvYHUPSCLtQOYYrXxr6//1c5qlmu5YyRwgVC
U2k09G+o1DuzAcqiCTyAu6r2Cve4nUup3QF9VxNGBT56krNeZ+I9UV+NKdpekUwhh2uZ6ZWXwQVH
QVhrre4a/bDFEXSc4bFxn+90bi40p5MRFxECgxKZga+Bv9qBUxOL4xUi8DMP5xexN/wxBniR8GZaoYj4cf5hq5vcjbPzSN8dUL2UixCYhVQNjKYMcAZB4L6V9y2SVBPT+sduvtbzRSbl5bMOc9QohLmAU8EGBO+m8vUFy3QmDBThM4YNW7wHgRPyfURptCHsiKhAVbkjHWlfTCO6EX2Ixua2x47tEbEK/l7bg0Sjz8kyYVeOECXIdkvtMKZuWbwI6G84hk/hp463utZXjPaSpYoyzqxHSqkMPnfhDK2tx7TWa9YAojq8RxDVeI3PFsOmN//DSOwQeTYMCYVv6KIsvyETsCsR27A/lClPz+pQrYyGoexuakAQPEF82+yG4Qs1qSzFVK1CtdAFVA==
KknkwWynKOLzdaTXpE1XWG+XAWyC/gNauTcJCUxEr2dNSyfYkwXV3SIsXUS/XafHGkmC3sQOIE5Y4cjAxKX69rbcsKSgDcRBDd//Xn6E7sHa2pCbw54j/tr35tg53fB8BpEMHqpQd+5BLTr8xhFrBSlc5eTtUhWABQQ=
pjxtZwOpiv6kYR10JgFrPVfdnnpul4RU+OeacarC4VOETvYHUPSCLtMMYYvWxr6//1c5qlmu5YyRwgVC
f4NDgDg4SMwHX3hb6bp+cKr2Cve4nUup3QF9VxNGBT56krNeZ+U/UV6MKdpekUwhh2uZ6ZWXwQVH
ZE/l0+X4iGVN64TnGaJvq5dW/wLJQ/Agt/t9Y47JX//n+zo6kycYSx8uYLZhFqVRhfHkOKtSzDUW8d2vywH3Y7sFPQ==
ZoicUGzGIiD1oJEGV4I5KHy6L9sspJ5MM8xP6BIxJblnbv3q/uJnasK+Pc2B21Izt0N+11/dDDDuUl58Fw/9dTdYMQQBs8HuViGIDsuJirIMQNPSBGdXJRYVe/87gs1hW03cEiO95wJWc06ImXYtCRiIAL/rRVCzYfvRxftrBbDTfqiNZK+Iz8+1X00iUt/uvSmjqaZTu37tPTYIjCXAKnqJ00TCWvf7DobjUqaGccCEdsvrdiUfV2mQAmD5mIxyCbARs83bre40tymxst1tHiB47SZNHrZQpl54w3npb2+kXdV4t6v3fCpzapSd1gZJuD6mdQxybrQ6SdrGn2flPlpSE96HJF9RfsyJWj5RrCGnq/lpddfhBWc=
bsl1EGTC4ca9EQmNj/S/vOk5jQsJlnUBxY7jaKPTESb/bAzPZ2pxptSORht88PpLPIa5LD2Na+aJvesq8+sQ90BVeCp50p0WAmLIxA22Xr+DE5pGDzXKvapwjlGpkGVvJ5DbJpTCaVo37/4G47DSnzE1PHTQspGJAoPDXqv30zgpGoGGXeqYsmS7gWHRvz/m1wSZ7xSgVkyDwDUz3Tz+VM+dbNHzD2I7syBop0Tg6weE2KaL4C4YVTyIV4OLePfwAonkRG4jGqhqwv+I5VreXZUypb/bUuYREs76mFDxkF/sE2fkf+DnJadmFBJ1ICxjsZGg8PAZUak0pYk5HElU4xuRAmLRipa7yIBSAtroIdcuUg5zl1MZ1oEadWDZ5gVe
ZRzqPlJpVAhyVlxCObJerUUPYaPd1bDIaeVfZEKL2gt9DMN9WDq54gOpfqZ7zgRuzaYZHEGxIHBXIiBtMtH5l+cR62u/BTk=
G+lLWA7we7xLLgMQXUCdJJ02cb0GXJZ0xhk8BsroYqbB5SpEJglbjWlUFXzNqoXIBUw=
Ygk5c6OxnOTedeQ5n9eC1Ffdnnpul4RU+OeacarC4VOETvYHUPSCLtYMYYvWxr6//1c5qlmu5YyRwgVC
XOq4T+rvSmw9LS6sj4vyrKr2Cve4nUup3QF9VxNGBT56krNeZ+A/UV6MKdpekUwhh2uZ6ZWXwQVH
Wpj/b0/L4S1Sri1t59FeQvaEJ1eNsy4cmhqOFO7qAAOXGRxSSsSz3bMrSEgNBJChyxi9zoUBWv5RknpJc4OhgqCGm1taeECETcPIYOZNtELazMoygfEC4LZNU9nJwF14nQ4tnAUY
ChDCFlChiv/Ru+U+g4V5lckDm2ZLk2oW/q4rCj+FuJ/EQkkVF478n89/h/WqvEstLYD4GyBPT+TBSYJ6Y1aBQczigd4+ir9uu2jbEXqEdSrSCQgBgxNVeSlfpQUj
bTubToX02fB4ClwBOehjbRzaCKY+1/g90bx0KqmKvQEyF07W24WFGhY3pdtlVcgYoYVHVCpLcpuFrIuNQDqhkssJBjbTjuxe1UZRTLkxmKAfAjgdGhGRB19xI1unBSE=
mDGz888EBZ/fuCGxiGnHhvPGpB74sXgirYq5CT4HUs6/pWEiagdpkyGVDFDtdfssjqvWAxk8BwXEuiUaR5marnfuSKZpNp2E/XFcaFMyxCV+MXUfQ2EvU6MFJQ==
6mxKO2unLAr+/9U9gtPqlfaEJ1eNsy4cmhqOFO7qAAOMGRxSSsSz3bMrSEgNBJChyxi9zoUBWv5RknpJc4OhgqCGm1taeECETcPIYOZNtELazMoygfEC4LZNU9nJwF14nQ4tnAUY
JcMO4EpzJuJdFIviHnu/lWlQ+nOiUBFXUVbMIWexH8Gx71zakYqF8Rp3FgYTxc2q7pfNS/3VUIgJZf8kYou6y92MY704Olmioyne5pvOJK5tJvncIbEAMPeiQK3S0dlXh5ELK58FGQ==
YebDUh/UQZXeduZSSHgvq/CPIV6ptDoKvAqOEe3OGgGBGRxSSsSz3bMrSEgNBJChyxi9zoUBWv5RknpJc4OhgqCGm1taeECETcPIYOZNtELazMoygfEC4LZNU9nJwF14nQ4tnAUY
Ld1Q/YolqqOAPoDzUKXjbAglZSHNqy7PwRnJsIk4sxiGVSu4qv2owp2KienuRwJuLyURgprHGbMxlRww3bVLTD4rRmNJ/NcltLrVOhfZSk7nbvhG2XatZO1xTEijcrSFjrHlv5OhfzOTBRU=
KvYcEEErmOBGdMDUoSuK8WQzkgzGpN3m+/+XeEcm1pvJg0goe+3CEeGE+lLAaw7e0KfTTC52AuM7gd5WdHtWqtJu9ieQlAKOluxha5ZmPt8/dzmKGU5lLFGiBSI=
AJonG3y8oiSU2qELtLtG6nBpY3QX8tOwfnll3ZiSPysaY91q2ng0XQbc3NnjVkpQ+rFnTx4coK0+CD7wZt0UEpo86kKBASKQdp3zSUlQPShdPk2sBSg=
