vHIWpaCyZ9nN44sZpDNiZVzid3v32eYcazq096dnGFDBg1Xl7aBhiHlvdtqxSkJ+sdrZnGx7sK7T7ipJ5VS3BjzkO+syuBlQrWqT3VNTe2MmR2gJdqMp
5Vk5gEKuyP0RJdqK2IpOXgTwdFqI439ROyx+D/BNvj01CshMVxR4SPLk0JSTkGSG1zzhemL6JezRF+0JAy1TLMSvjMY2XNI6ERlMADXd2ig6z3CNt5k29/2K9YQ1ERJaf/GNnMBT4V3h4O3wDT/i8ozqnpZFKg2EoPv8toeeXiG59IsuqDTPE754FegZOoe1LzMny5J3vJG6o+U=
16+cgVZEQ1Cl9f/iSpzK7SPsKZAV6sFUv4EoKqyNtQ5sU0rY04WOAWpj7ZVlIOk4gc8eAmkKeo6ZusGMZHu4vssOAjndlO9W1ERDW7o4kaAVCjsNCxODU05ncBl+oyE=
gIkyjL33FUMM2QOwyhkRl2LNw/tPWLqwwF92CWuKiv1VyjIoMoTxGFyNhJJo/WO99dc4sYqNDuQhirp8TUeU2L/827JVkYVjLY8AX54FcKMv
YYwKm0k2Vaz6hMHXbf7jaN/4242Yog+Y1FQMv6lj2N23iAxpRuYQl1yK1HcIqlWTyNwKnm76Kwzr1uHdG6knYaM8
DC03d6tVPzd7nkbrgyQfLpAnVndW43+fYmhmUrrMWyCS/R/6k3pFUlrSoZzJwlJmeDlDDaFF7kxfkAu1+Hq/8BR8fGcJGwj1t6DcEeY+YL+c4mSvaJKF+Ug0WqaOopvkq/4RhbtRd0mjFA==
NYab+NRoEzLWxGd/bACUTTfV4vL36NM2V8nVOpp5U2epHx8aHX/Ntemwg0BOVRSlRuRRb28l1JRBTSVcOzqu3ahyWBdPYmB6teI6BHXSVswx70SY6xTnwnlJ0cPZN2yPQm1Eoxs=
TcwhCge2UDpDJPgFes0E/PaEJ1eNrSoBhh6IHc/VDwesVF1eWt65kPkuSkoYFZvhkQm2gJ9cU/lIlmdcdNDki7mXkHk3LESdVtL4E/xOvEPY3t01iPgC6r5OQ8jL0glpi11vRaMY
yA/7XK0fIuOtf6jtBuGG1zHe5PvT78cgcdnVP5ldSWWkHx8aHX/Ntemwg0BOVRSlRuRRb28l1JRBTSVcOzqu3ahyWBdPYmB6teI6BHXSVswx70SY6xTnwnlJ0cPZN2yPQm1Eoxs=
d1745qnXmtJPlmiVnRR9SBd+YCxRRiViWuLBrAkSMvb4qeNdYbXOPF9gK8W4qh9glOycN0kr6MW3kDwhpm6ALxxyxH8o4qUJSER6Vk7yO3QrbnFVe2EXeaMk
viKDSnhNJgWR+dV3s6gDAgNa5PIeq3ADdE8tZlrmybgZBhoS2M3LiTHhBvgfpOOR6H63BDQINKPZv2BBNxS0tTb6KMu8FmyreLZtzQiAsgIeJhMQC4pZQWt1H32jIA==
793UOHnRQDrdW642Gwhz+3M1mRjFp93noeDaZE02kZyGhEg/f/eJC6qevwaHPwDEy7LEWmB9AfUsh/dWcHt+oPQd7CSYlQCcgetoYpZsNtwvZjuYTV9zfxN7oyI=
TjJP5ZboaHsasc3FTbz5/THe5PvT78cgcdnVP5ldSWW/Hx8aHX/Ntemwg0BOVRSlRuRRb28l1JRBTSVcOzqu3ahyWBdPYmB6teI6BHXSVswx70SY6xTnwnlJ0cPZN2yPQm1Eoxs=
TG1L5R9yHfQDZw/bOT1cxCqQgr5PBvfyhwt4H2+KivtkhGg5PImwchiHk4Jk0C21+J48s6qBGOQhirp8TUeQ2L/827JVkYVjLY8AX54FcKMv
2A3GqdW3NMNxq8m5+PnoUQbxyR0ezTGGLIVP3jdbJUq61COoHQBY7SVmjoKF/OEl6lufr33V8xTcuBrKcyaExNFU0aqC0lZZofk9ISJrx7fwLl8gHA3Tk3r3uoHVaLxW/kUvW1XKy181B3Kq5SbFnl+sqSHneyYga8RvFhySEZouUB1Tk8cWkMN3jIHP3LXM1EGoevYTPnqawbEAI6MlgYcp+3rOLq0IX3GsI+jUQhbXsJzYqwijWW40cM4HjrtkQHzirPAH4PzG4vTzERCXCqoQ10O3Qo7pNYFAwiRiryBhQB0bdsGjSTyzVcZZpjcYucPbP7HfZz0yvZeEhbKmjMGPlJg7tNeCyWnhQ4kX/E9SjTSjaw==
G93kpxM9+h51mZ1AvwQzpkRlFkX4gn9ycmT2CJSqpZGdyYQNVYTgHy/+NSqIDcMk9xgafPjEf2jBmNx9wS7Coon0hRUu4+MvgW23JDiwFuq/7uBUVcyN6l7KUkmFMXFBruNjxzTWYyAg9Rfj3n824ZmgmEb6XfMbCVJPz1HPvorpLiGuGxRVoZvD4hAPzGM2UNr1CqrIwZPP3xKA5z9AYUNUETyQOZR6ymt6ij5JPeDv6wGRgzGnuhK2KZi7OeAD5NwmJhMI4FhXsOdpijx87stG3/TE5L7sLB/k7OIquJOdmDN6bujrQ4u6SpmRCcyiaKqLMGVYwVsqWSfZWHuZ5lWu0yj9eye/zWejDVa1m6TJ+kIcRRdIWGes05LtIS2jBZ9Yvxb1CKNX
5+vKYy3lNQj4qIVTT4JTwvsx8iTyklNGvlynFjE4sUhy0JaTonB44MofqWS4RTrQrl7JM/38D9AvZICtNoFC9qQLeFjCYtofeLH9AIeW+dfZmPtJ6JxgUVfkZ6vZwanwipNKl3M8S2jAzFs0GXnS8DQ6skbKisEKQXF0Wgq0XlnQ3mbnBm7jTi2x9KLJZxl6ripALccr+nuJyc4LrwroxgFK3S7fKCqzZGrMni/nGz0GfXqOln/4hnK0TZ86a8YCjLRYSWrRXO0th9jnHN+rZCJIxpNWlIN6mDmdZC+7aoEAALyI9o6Ly0skzb0t3j7MNEi0ICV4X9xlsOmD88xMQHDp8IhZZ6hm3vBmKFeKW7zl40MrizejZg==
YGDGvsII45C/RdxCaEtyduVBxHZrlU1JeVl3hGUYVAaCjQqCsk8vKCbKYNOjMYtnbD72tZacl9GFg4eqgUJxJx9C7nLCgyh14rBMfklCSW5bXDvbAzpaXHN1iKVkVNdG3GSbqxO/+RDN6jMdc1Nbo8bHCElWowk=
M6uQ3JzrBj6d7XnxpuNqRikdibd/8AdiED4MWyvL4NAOT3mBjHjJ3trEDWZhzSvPnMIkD+gyxR1PVJoGDgJbxKse0eU7sTdpozQ=
mpCMVcdEleylDxPwefZYAg+ewy7QctQXm2e4PG6j4S089FFSWkiV6tFhsyP8LnyjWH4dUY8YQko+LgMoy/LJyQu9L2WjOA==
BRHzWVxxkZFlpz1h8RKBmw6ewy7QctQXm2e4PG6j4S089FFSWkiV6tFhsyP8LnyjWH4dUY8YQko+LgMoy/LJyQu9L2WjOA==
g0c/EHw4cQb1NsDLWbbq1ZwFinpShUtEvq4hDSOE/4nRUkElUpK3nMVBh6C58gJnOILtBiBPQPjTQ6t6c0OPXc7Z4sQ9gr5sqX/YH3OEfyLRGRkDkUdEb3odfKMj
6ZsWBRjsWjvC2k+a/Ra+exABfa3dgKOGIK9KZleW2gtyENF3cTqp9w21fJ0Y1AdmzKQLC0K/KXBdKiN9I9Prw/YHuClmozk=
eQMKrbAFfInkXmfodk91wFqx+kifPJNZyHanPHTwpCs591BZNwyE/dZyuDP8LnyjWH4dUY8YQko+LgMoy/LJyQu9L2WjOA==
jAXwCECQFzlzS1slSr5/vlqx+kifPJNZyHKlMnTwpCs591BZNwyE/dZyuDP8LnyjWH4dUY8YQko+LgMoy/LJyQu9L2WjOA==
JyDfb2/dy6tp8HByvJ79XJdW/wLJQ/Agt/t9Y47JX////zl11i4dZHk0Y75gFLdDhv/tOKFazyUH88/72hekIWKjPQ==
iMIvFhPiH7qEmt1IM8DFGzT2+FW7pmre2fVRTaACL1wk9CtuyLQv0x5/dag5uqf1TzOHC7L33NEao0U=
4qPTSTldW3ENIdJUV9T6rIYgOMJxdxrhIlhu8h+NTGCwiXBoGUOvRp4Q5kiXqlucJYPDy8sXo0Y=
FAG8ZNvG45P+n8I1b7ZYukRlFkX4gn9ycmT2CJSqpZGdyYQNVYTgHy/+NSqIDcMk9xgafPjEf2jBmNx9wS7Coon0hRUu4+MvgW23JDiwFuq/7uBUVcyN6l7KUkmFMXFBruNjxzTWYyAg9Rfj3n824ZmgmEb6XfMbCVJPz1HPvorpLiGuGxRVoZvD4hAPzGM2UNr1CqrIwZPP3xKA5z9AYUNUETyQOZR6ymt6ij5JPeDv6wGRgzGnuhK2KZi7OeAD5NwmJhMI4FhXsOdpijx87stG3/TE5L7sLB/k7OIquJOdmDN6bujrQ4u6SpmRCcyiaKqLMGVYwVsqWSfZWHuZ5lWu0yj9eye/zWejDVa1m6TJ+kIcRRdLX2es05LtIS2jBZ9Yvxb1CKNX
L2xl9BxH6MCC56RRhHJdADO0rzwO57RciY2I5xreMVx8b2YwoFsS7cC0iHTACohQAerX1FhsBxoTfkoESioFAlmZ6OxZ9Wx8m79NOL5NSyh+d0Po/07ErtOJukrV6DYkuRryXLV3/l4XDOPSHQEdI1W/yP8GVVijBw==
SwlfIGtpIfLDbEr59NXv7jT2+FW7pmre2fVRTaACL1wk9CtuyLQv0xx+dag5uqf1TzOHC7L33NEao0U=
L/h5zFIMjkwbfgQaG7HptoYgOMJxdxrhIlhu8h+NTGCwiXBoGUGuRp4Q5kiXqlucJYPDy8sXo0Y=
u3P/6BoWROGPpz39iKDActG70I+EsA6KxURPr7Y22NeMyQs5SvgaglyK1HcIqlWXztwKnm76Kwzr1uHdG6knYaM8
SjlQd8Hj/+XiCPJqzrFHHtsdDckuFdKEnx63kRkcng+3+BVCgZ6ukt4tVtoYhmbtEeo836pm0vwh7am2zxbjNtiD0rsy4LgJcCb2iPo5FIMFzsPMKSFl+lPXfBbg19t2/8V9Oxmm1lGCqQcWq47svmM6HWPCxsgY2hgeQIFMDaOs9G4Ors9MXO4ZsgRD6MEDjOwNvUkMkshoM9Mh+n2F29bli3DYEN0IlZArgkrVyJh0EKt9i4t635JQwjU4QL7mFbHeUbYUkLZQN147fMtBtSApWIV7kp4qbg3CHgP8FKsFCotB2tdcwnS2gqRrLWdW9bMpxC76yGrcfvGyH5opYjEtl3a81uxreHbtCA7AMkIeZpNQC8rZAWs1nz2jYA==
CZd3sLFfwm++mPFX4SXBMPsx8iTyklNHvlynFjE4sUhy0JaTonB44MofqWS4RTrQrl7JM/38D9AvZICtNoFC9qQLeFjCYtofeLH9AIeW+dfZmPtJ6JxgUVfkZ6vZwanwipNKl3M8S2jAzFs0GXnS8DQ6skbKisEKQXF0Wgq0XlnQ3mbnBm7jTi2x9KLJZxl6ripALccr+nuJyc4LrwroxgFK3S7fKCqzZGrMni/nGz0GfXqOln/4hnK0TZ86a8YCjLRYSWrRXO0th9jnHN+rZCJIxpNWlIN6mDmdZC+7aoEAALyI9o6Ly0skzb0t3j7MNEi0ICV4X9xlsOmD88xMQHDp8IhZYq5m3vBmKFeKW7zl40MrizejZg==
5lmLcDKcPehfKXYwRWhESlqx+kifPJNZyHKlMnTwpCs591BZNwyE/dZyuDP8LnyjWH4dVI4YQko+LgMoy/LJyQu9L2WjOA==
YYvTStIbpMWhFupW2/UVddwQhTciQTjkAUoa/O2Hsd7fPLsyNVHlY01PYN/+xRCjTw==
1MEE+jta/plPht2ryZVz/zT2+FW7pmre2fVRTaACL1wk9CtuyLQv0xt+dag5uqf1TzOHC7L33NEao0U=
IrmvGy0Y6nVSftPRqejv+YYgOMJxdxrhIlhu8h+NTGCwiXBoGUauRp4Q5kiXqlucJYPDy8sXo0Y=
HZiu0RWRRai86mRIPXgKUTHe5PvT78cgcdnVP5ldSWW/Hx8aHX/Ntemwg0BOVRSlRuRRb28l1JRFTytcOzqu3ahyWBdPYmB6teI6BHXSVswx70We6xTnwnlJ0cPZN2yPQm1Eoxs=
CqVg9NOk1SAUE3aNEaiePXM1mRjFp93noeDaZE02kZyGhEg/f/eJC6qevwaHPwDAybzEWmB9AfUsh/dWcHt+oPQd7CSYlQCcgepuYpZsNtwvZjuYTV9zfxN7oyI=
EaW8TkZt6B47X0gLiZAvhgNa5PIeq3ADdE8tZlrmybgZBhoS2M3LiTHhBvgfpOOR6Hq1CjQINKPZv2BBNxS0tTb6KMu8FmyreLZtzA6AsgIeJhMQC4pZQWt1H32jIA==
2aQcovnDx6HrS83x2FebVhd+YCxRRiViWuLBrAkSMvb4qeNdYbXOPF9gK8W4rh1ulOycN0kr6MW3kDwhpm6ALxxyxH8o4qUITkR6Vk7yO3QrbnFVe2EXeaMk
aR+jPXJpWUdISXYAIc5y1THe5PvT78cgcdnVP5ldSWWkHx8aHX/Ntemwg0BOVRSlRuRRb28l1JRFTytcOzqu3ahyWBdPYmB6teI6BHXSVswx70We6xTnwnlJ0cPZN2yPQm1Eoxs=
/Ne9wLEKCPM+lAuo3zRs2faEJ1eNrSoBhh6IHc/VDwesVF1eWt65kPkuSkoYFZvhkQm2gJ9cU/lIkmVSdNDki7mXkHk3LESdVtL4E/xOvEPY3t00jvgC6r5OQ8jL0glpi11vRaMY
Ulc6yEVzKmhvTiWAdqnXMzfV4vL36NM2V8nVOpp5U2epHx8aHX/Ntemwg0BOVRSlRuRRb28l1JRFTytcOzqu3ahyWBdPYmB6teI6BHXSVswx70We6xTnwnlJ0cPZN2yPQm1Eoxs=
4U0Us4+v6vzaaX8PI31PmpAnVndW43+fYmhmUrrMWyCS/R/6k3pFUlrSoZzJwlJmeDlDDaFF7kxfkAu1+H69/hR8fGcJGwj1t6DcEeY+YL+c4mSvaJKF+E40WqaOopvkq/4RhbtRd0mjFA==
+FxMhfAPilGq0rMzaM5KhO3Gqw31jDM+uon+BXMQWs7wtWUvJQdpky/bDlCkP+wtk6yVAxsnDAn68zVKXpu4hRL0S65oNI+T+35VaFk6xzVvM2dLUnd8EXqjJQ==
N2AF9DkZVslXprARvKh0n8i/MAxwmZ2oNBJexavzaz+nzwE7IEyqB+Ixndy7H3Uf4lW0M3sWsCPWGbyExTLmjAEPVZ77NJeCiemhQ0mXPE+SDXSjKw==
